<?xml version="1.0" encoding="UTF-8"?>
<!-- Generated by org.testng.reporters.JUnitXMLReporter -->
<testsuite ignored="8" hostname="DESKTOP-7QA4B29" failures="1" tests="12" name="Test" time="265.063" errors="0" timestamp="2026-01-20T10:08:42 IST">
  <testcase classname="com.Sales.SalesOrderToSalesInvoiceTest" name="ERPLoginPage" time="10.259"/>
  <testcase classname="com.Sales.SalesOrderToSalesInvoiceTest" name="GetData" time="0.003"/>
  <testcase classname="com.Sales.SalesOrderToSalesInvoiceTest" name="GetData" time="0.006"/>
  <testcase classname="com.Sales.SalesOrderToSalesInvoiceTest" name="GetData" time="0.004"/>
  <testcase classname="com.Sales.SalesOrderToSalesInvoiceTest" name="GetData" time="0.005"/>
  <testcase classname="com.Sales.SalesOrderToSalesInvoiceTest" name="GetData" time="0.014"/>
  <testcase classname="com.Sales.SalesOrderToSalesInvoiceTest" name="GetData" time="0.011"/>
  <testcase classname="com.Sales.SalesOrderToSalesInvoiceTest" name="GetData" time="0.002"/>
  <testcase classname="com.Sales.SalesOrderToSalesInvoiceTest" name="GetData" time="0.002"/>
  <testcase classname="com.Sales.SalesOrderToSalesInvoiceTest" name="GetData" time="0.002"/>
  <testcase classname="com.Sales.SalesOrderToSalesInvoiceTest" name="SalesToInvoice" time="247.759"/>
  <testcase classname="com.Sales.SalesOrderToSalesInvoiceTest" name="Exception" time="0.005">
    <failure type="java.lang.AssertionError" message="The following asserts failed:
	Actual and Expected Special Price Discount Mismatched for Product Rice Bran Oil expected [200.00] but found [242.00],
	Actual and Expected Special Price Discount Mismatched for Product Vanaspati expected [100.00] but found [122.00],
	Actual and Expected Special Price Discount Mismatched for Product Pure Cow Ghee expected [200.00] but found [246.00],
	Actual and Expected Special Price Discount Mismatched for Product Self-Rising Flour expected [100.00] but found [131.00],
	Actual and Expected Special Price Discount Mismatched for Product Granulated Sugar expected [200.00] but found [264.00],
	Actual and Expected Special Price Discount Mismatched for Product Brown Sugar expected [100.00] but found [133.00],
	Actual and Expected Special Price Discount Mismatched for Product Mojito Lemon Mint Powder expected [200.00] but found [282.00],
	Actual and Expected Special Price Discount Mismatched for Product Blue Lagoon Drink Powder expected [100.00] but found [142.00],
	Actual and Expected Special Price Discount Mismatched for Product Maggi Noodles expected [200.00] but found [286.00]">
      <![CDATA[java.lang.AssertionError: The following asserts failed:
Actual and Expected Special Price Discount Mismatched for Product Rice Bran Oil expected [200.00] but found [242.00],
Actual and Expected Special Price Discount Mismatched for Product Vanaspati expected [100.00] but found [122.00],
Actual and Expected Special Price Discount Mismatched for Product Pure Cow Ghee expected [200.00] but found [246.00],
Actual and Expected Special Price Discount Mismatched for Product Self-Rising Flour expected [100.00] but found [131.00],
Actual and Expected Special Price Discount Mismatched for Product Granulated Sugar expected [200.00] but found [264.00],
Actual and Expected Special Price Discount Mismatched for Product Brown Sugar expected [100.00] but found [133.00],
Actual and Expected Special Price Discount Mismatched for Product Mojito Lemon Mint Powder expected [200.00] but found [282.00],
Actual and Expected Special Price Discount Mismatched for Product Blue Lagoon Drink Powder expected [100.00] but found [142.00],
Actual and Expected Special Price Discount Mismatched for Product Maggi Noodles expected [200.00] but found [286.00]
at com.Sales.SalesOrderToSalesInvoiceTest.Exception(SalesOrderToSalesInvoiceTest.java:2476)
at java.base/java.util.concurrent.ThreadPoolExecutor.runWorker(ThreadPoolExecutor.java:1136)
at java.base/java.util.concurrent.ThreadPoolExecutor$Worker.run(ThreadPoolExecutor.java:635)
at java.base/java.lang.Thread.run(Thread.java:833)
... Removed 14 stack frames]]>
    </failure>
  </testcase> <!-- Exception -->
  <testcase classname="com.Sales.SalesOrderToSalesInvoiceTest" name="SystemSettings" time="0.0">
    <ignored/>
  </testcase> <!-- SystemSettings -->
  <testcase classname="com.Sales.SalesOrderToSalesInvoiceTest" name="ServicePage" time="0.0">
    <ignored/>
  </testcase> <!-- ServicePage -->
  <testcase classname="com.Sales.SalesOrderToSalesInvoiceTest" name="close" time="0.0">
    <ignored/>
  </testcase> <!-- close -->
  <testcase classname="com.Sales.SalesOrderToSalesInvoiceTest" name="ProductPage" time="0.0">
    <ignored/>
  </testcase> <!-- ProductPage -->
  <testcase classname="com.Sales.SalesOrderToSalesInvoiceTest" name="StockCalculation" time="0.0">
    <ignored/>
  </testcase> <!-- StockCalculation -->
  <testcase classname="com.Sales.SalesOrderToSalesInvoiceTest" name="ExpectedProduct" time="0.0">
    <ignored/>
  </testcase> <!-- ExpectedProduct -->
  <testcase classname="com.Sales.SalesOrderToSalesInvoiceTest" name="UomPage" time="0.0">
    <ignored/>
  </testcase> <!-- UomPage -->
  <testcase classname="com.Sales.SalesOrderToSalesInvoiceTest" name="ProductMovementPage" time="0.0">
    <ignored/>
  </testcase> <!-- ProductMovementPage -->
</testsuite> <!-- Test -->
