<?xml version="1.0" encoding="UTF-8"?>
<!-- Generated by org.testng.reporters.JUnitXMLReporter -->
<testsuite ignored="5" hostname="DESKTOP-7QA4B29" failures="0" tests="18" name="Test" time="768.01" errors="0" timestamp="2025-10-24T12:05:04 IST">
  <testcase classname="com.Purchase.PurchaseOrderTest" name="ERPLoginPage" time="9.696"/>
  <testcase classname="com.Purchase.PurchaseOrderTest" name="GetData" time="0.003"/>
  <testcase classname="com.Purchase.PurchaseOrderTest" name="GetData" time="0.004"/>
  <testcase classname="com.Purchase.PurchaseOrderTest" name="GetData" time="0.003"/>
  <testcase classname="com.Purchase.PurchaseOrderTest" name="GetData" time="0.002"/>
  <testcase classname="com.Purchase.PurchaseOrderTest" name="GetData" time="0.001"/>
  <testcase classname="com.Purchase.PurchaseOrderTest" name="GetData" time="0.005"/>
  <testcase classname="com.Purchase.PurchaseOrderTest" name="GetData" time="0.004"/>
  <testcase classname="com.Purchase.PurchaseOrderTest" name="GetData" time="0.002"/>
  <testcase classname="com.Purchase.PurchaseOrderTest" name="GetData" time="0.002"/>
  <testcase classname="com.Purchase.PurchaseOrderTest" name="GetData" time="0.001"/>
  <testcase classname="com.Purchase.PurchaseOrderTest" name="ProductUomData" time="0.004"/>
  <testcase classname="com.Purchase.PurchaseOrderTest" name="SystemSettingsPage" time="112.624"/>
  <testcase classname="com.Purchase.PurchaseOrderTest" name="ProductPage" time="344.502"/>
  <testcase classname="com.Purchase.PurchaseOrderTest" name="VendorPage" time="21.326"/>
  <testcase classname="com.Purchase.PurchaseOrderTest" name="UomPage" time="25.875"/>
  <testcase classname="com.Purchase.PurchaseOrderTest" name="PurchaseOrderToInvoice" time="252.86"/>
  <testcase classname="com.Purchase.PurchaseOrderTest" name="Exception" time="0.0"/>
  <testcase classname="com.Purchase.PurchaseOrderTest" name="ProductMovementPage" time="0.0">
    <ignored/>
  </testcase> <!-- ProductMovementPage -->
  <testcase classname="com.Purchase.PurchaseOrderTest" name="ExpectedProduct" time="0.0">
    <ignored/>
  </testcase> <!-- ExpectedProduct -->
  <testcase classname="com.Purchase.PurchaseOrderTest" name="QtyCalculation" time="0.0">
    <ignored/>
  </testcase> <!-- QtyCalculation -->
  <testcase classname="com.Purchase.PurchaseOrderTest" name="quit" time="0.0">
    <ignored/>
  </testcase> <!-- quit -->
  <testcase classname="com.Purchase.PurchaseOrderTest" name="QtyCalculation1" time="0.0">
    <ignored/>
  </testcase> <!-- QtyCalculation1 -->
</testsuite> <!-- Test -->
