<?xml version="1.0" encoding="UTF-8"?>
<testsuite xmlns:xsi="http://www.w3.org/2001/XMLSchema-instance" xsi:noNamespaceSchemaLocation="https://maven.apache.org/surefire/maven-surefire-plugin/xsd/surefire-test-report-3.0.xsd" version="3.0" name="TestSuite" time="32.735" tests="11" errors="0" skipped="10" failures="1">
  <properties>
[...]
</properties>
  <testcase name="ERPLoginPage" classname="com.Purchase.PurchaseInvoiceVoidTest" time="31.723">
    <failure message="no such window: target window already closed&#10;from unknown error: web view not found&#10;  (Session info: chrome=150.0.7871.115)&#10;Build info: version: &apos;3.141.59&apos;, revision: &apos;e82be7d358&apos;, time: &apos;2018-11-14T08:17:03&apos;&#10;System info: host: &apos;DESKTOP-7QA4B29&apos;, ip: &apos;192.168.29.93&apos;, os.name: &apos;Windows 10&apos;, os.arch: &apos;amd64&apos;, os.version: &apos;10.0&apos;, java.version: &apos;17.0.12&apos;&#10;Driver info: org.openqa.selenium.chrome.ChromeDriver&#10;Capabilities {acceptInsecureCerts: false, browserName: chrome, browserVersion: 150.0.7871.115, chrome: {chromedriverVersion: 150.0.7871.124 (9261fd0a595..., userDataDir: C:\Users\Hp\AppData\Local\T...}, fedcm:accounts: true, goog:chromeOptions: {debuggerAddress: localhost:50508}, goog:processID: 12056, javascriptEnabled: true, networkConnectionEnabled: false, pageLoadStrategy: normal, platform: WINDOWS, platformName: WINDOWS, proxy: Proxy(), setWindowRect: true, strictFileInteractability: false, timeouts: {implicit: 0, pageLoad: 300000, script: 30000}, unhandledPromptBehavior: dismiss and notify, webauthn:extension:credBlob: true, webauthn:extension:largeBlob: true, webauthn:extension:minPinLength: true, webauthn:extension:prf: true, webauthn:virtualAuthenticators: true}&#10;Session ID: ff6546e4550541898093e657e7720510" type="org.openqa.selenium.NoSuchWindowException"><![CDATA[org.openqa.selenium.NoSuchWindowException: 
no such window: target window already closed
from unknown error: web view not found
  (Session info: chrome=150.0.7871.115)
Build info: version: '3.141.59', revision: 'e82be7d358', time: '2018-11-14T08:17:03'
System info: host: 'DESKTOP-7QA4B29', ip: '192.168.29.93', os.name: 'Windows 10', os.arch: 'amd64', os.version: '10.0', java.version: '17.0.12'
Driver info: org.openqa.selenium.chrome.ChromeDriver
Capabilities {acceptInsecureCerts: false, browserName: chrome, browserVersion: 150.0.7871.115, chrome: {chromedriverVersion: 150.0.7871.124 (9261fd0a595..., userDataDir: C:\Users\Hp\AppData\Local\T...}, fedcm:accounts: true, goog:chromeOptions: {debuggerAddress: localhost:50508}, goog:processID: 12056, javascriptEnabled: true, networkConnectionEnabled: false, pageLoadStrategy: normal, platform: WINDOWS, platformName: WINDOWS, proxy: Proxy(), setWindowRect: true, strictFileInteractability: false, timeouts: {implicit: 0, pageLoad: 300000, script: 30000}, unhandledPromptBehavior: dismiss and notify, webauthn:extension:credBlob: true, webauthn:extension:largeBlob: true, webauthn:extension:minPinLength: true, webauthn:extension:prf: true, webauthn:virtualAuthenticators: true}
Session ID: ff6546e4550541898093e657e7720510
	at java.base/jdk.internal.reflect.NativeConstructorAccessorImpl.newInstance0(Native Method)
	at java.base/jdk.internal.reflect.NativeConstructorAccessorImpl.newInstance(NativeConstructorAccessorImpl.java:77)
	at java.base/jdk.internal.reflect.DelegatingConstructorAccessorImpl.newInstance(DelegatingConstructorAccessorImpl.java:45)
	at java.base/java.lang.reflect.Constructor.newInstanceWithCaller(Constructor.java:499)
	at java.base/java.lang.reflect.Constructor.newInstance(Constructor.java:480)
	at org.openqa.selenium.remote.http.W3CHttpResponseCodec.createException(W3CHttpResponseCodec.java:187)
	at org.openqa.selenium.remote.http.W3CHttpResponseCodec.decode(W3CHttpResponseCodec.java:122)
	at org.openqa.selenium.remote.http.W3CHttpResponseCodec.decode(W3CHttpResponseCodec.java:49)
	at org.openqa.selenium.remote.HttpCommandExecutor.execute(HttpCommandExecutor.java:158)
	at org.openqa.selenium.remote.service.DriverCommandExecutor.execute(DriverCommandExecutor.java:83)
	at org.openqa.selenium.remote.RemoteWebDriver.execute(RemoteWebDriver.java:552)
	at org.openqa.selenium.remote.RemoteWebDriver.execute(RemoteWebDriver.java:609)
	at org.openqa.selenium.remote.RemoteWebDriver.getCurrentUrl(RemoteWebDriver.java:287)
	at com.Purchase.PurchaseInvoiceVoidTest.ERPLoginPage(PurchaseInvoiceVoidTest.java:83)
	at java.base/jdk.internal.reflect.NativeMethodAccessorImpl.invoke0(Native Method)
	at java.base/jdk.internal.reflect.NativeMethodAccessorImpl.invoke(NativeMethodAccessorImpl.java:77)
	at java.base/jdk.internal.reflect.DelegatingMethodAccessorImpl.invoke(DelegatingMethodAccessorImpl.java:43)
	at java.base/java.lang.reflect.Method.invoke(Method.java:568)
	at org.testng.internal.invokers.MethodInvocationHelper.invokeMethod(MethodInvocationHelper.java:139)
	at org.testng.internal.invokers.TestInvoker.invokeMethod(TestInvoker.java:677)
	at org.testng.internal.invokers.TestInvoker.invokeTestMethod(TestInvoker.java:221)
	at org.testng.internal.invokers.MethodRunner.runInSequence(MethodRunner.java:50)
	at org.testng.internal.invokers.TestInvoker$MethodInvocationAgent.invoke(TestInvoker.java:962)
	at org.testng.internal.invokers.TestInvoker.invokeTestMethods(TestInvoker.java:194)
	at org.testng.internal.invokers.TestMethodWorker.invokeTestMethods(TestMethodWorker.java:148)
	at org.testng.internal.invokers.TestMethodWorker.run(TestMethodWorker.java:128)
	at java.base/java.util.concurrent.ThreadPoolExecutor.runWorker(ThreadPoolExecutor.java:1136)
	at java.base/java.util.concurrent.ThreadPoolExecutor$Worker.run(ThreadPoolExecutor.java:635)
	at java.base/java.lang.Thread.run(Thread.java:842)
]]></failure>
    <system-out><![CDATA[OS: windows 10
]]></system-out>
    <system-err><![CDATA[[TestNG-test=Test-1] INFO io.github.bonigarcia.wdm.WebDriverManager - Using chromedriver 150.0.7871.124 (resolved driver for Chrome 150)
[TestNG-test=Test-1] INFO io.github.bonigarcia.wdm.WebDriverManager - Exporting webdriver.chrome.driver as C:\Users\Hp\.cache\selenium\chromedriver\win64\150.0.7871.124\chromedriver.exe
Starting ChromeDriver 150.0.7871.124 (9261fd0a595ac4964ea84e6bd4a025c1173a2ffa-refs/branch-heads/7871@{#3359}) on port 38483
Only local connections are allowed.
Please see https://chromedriver.chromium.org/security-considerations for suggestions on keeping ChromeDriver safe.
ChromeDriver was started successfully on port 38483.
Jul 16, 2026 5:44:37 PM org.openqa.selenium.remote.ProtocolHandshake createSession
INFO: Detected dialect: W3C
]]></system-err>
  </testcase>
  <testcase name="GetData" classname="com.Purchase.PurchaseInvoiceVoidTest" time="0">
    <skipped message="Method com.Purchase.PurchaseInvoiceVoidTest.GetData() on instance com.Purchase.PurchaseInvoiceVoidTest@6e20b53a depends on not successfully finished methods &#10;[com.Purchase.PurchaseInvoiceVoidTest.ERPLoginPage() on instance com.Purchase.PurchaseInvoiceVoidTest@6e20b53a]"/>
  </testcase>
  <testcase name="SystemSettingsPage" classname="com.Purchase.PurchaseInvoiceVoidTest" time="0">
    <skipped message="Method com.Purchase.PurchaseInvoiceVoidTest.SystemSettingsPage() on instance com.Purchase.PurchaseInvoiceVoidTest@6e20b53a depends on not successfully finished methods &#10;[com.Purchase.PurchaseInvoiceVoidTest.ERPLoginPage() on instance com.Purchase.PurchaseInvoiceVoidTest@6e20b53a]"/>
  </testcase>
  <testcase name="ProductPage" classname="com.Purchase.PurchaseInvoiceVoidTest" time="0">
    <skipped message="Method com.Purchase.PurchaseInvoiceVoidTest.ProductPage() on instance com.Purchase.PurchaseInvoiceVoidTest@6e20b53a depends on not successfully finished methods &#10;[com.Purchase.PurchaseInvoiceVoidTest.ERPLoginPage() on instance com.Purchase.PurchaseInvoiceVoidTest@6e20b53a]"/>
  </testcase>
  <testcase name="VendorPage" classname="com.Purchase.PurchaseInvoiceVoidTest" time="0">
    <skipped message="Method com.Purchase.PurchaseInvoiceVoidTest.VendorPage() on instance com.Purchase.PurchaseInvoiceVoidTest@6e20b53a depends on not successfully finished methods &#10;[com.Purchase.PurchaseInvoiceVoidTest.ERPLoginPage() on instance com.Purchase.PurchaseInvoiceVoidTest@6e20b53a]"/>
  </testcase>
  <testcase name="UomPage" classname="com.Purchase.PurchaseInvoiceVoidTest" time="0">
    <skipped message="Method com.Purchase.PurchaseInvoiceVoidTest.UomPage() on instance com.Purchase.PurchaseInvoiceVoidTest@6e20b53a depends on not successfully finished methods &#10;[com.Purchase.PurchaseInvoiceVoidTest.ERPLoginPage() on instance com.Purchase.PurchaseInvoiceVoidTest@6e20b53a]"/>
  </testcase>
  <testcase name="PurchaseInvoicetoVoid" classname="com.Purchase.PurchaseInvoiceVoidTest" time="0">
    <skipped message="Method com.Purchase.PurchaseInvoiceVoidTest.PurchaseInvoicetoVoid() on instance com.Purchase.PurchaseInvoiceVoidTest@6e20b53a depends on not successfully finished methods &#10;[com.Purchase.PurchaseInvoiceVoidTest.ERPLoginPage() on instance com.Purchase.PurchaseInvoiceVoidTest@6e20b53a]"/>
  </testcase>
  <testcase name="StockCalculation" classname="com.Purchase.PurchaseInvoiceVoidTest" time="0">
    <skipped message="Method com.Purchase.PurchaseInvoiceVoidTest.StockCalculation() on instance com.Purchase.PurchaseInvoiceVoidTest@6e20b53a depends on not successfully finished methods &#10;[com.Purchase.PurchaseInvoiceVoidTest.ERPLoginPage() on instance com.Purchase.PurchaseInvoiceVoidTest@6e20b53a]"/>
  </testcase>
  <testcase name="ExpectedProduct" classname="com.Purchase.PurchaseInvoiceVoidTest" time="0">
    <skipped message="Method com.Purchase.PurchaseInvoiceVoidTest.ExpectedProduct() on instance com.Purchase.PurchaseInvoiceVoidTest@6e20b53a depends on not successfully finished methods &#10;[com.Purchase.PurchaseInvoiceVoidTest.ERPLoginPage() on instance com.Purchase.PurchaseInvoiceVoidTest@6e20b53a]"/>
  </testcase>
  <testcase name="ProductMovementPage" classname="com.Purchase.PurchaseInvoiceVoidTest" time="0">
    <skipped message="Method com.Purchase.PurchaseInvoiceVoidTest.ProductMovementPage() on instance com.Purchase.PurchaseInvoiceVoidTest@6e20b53a depends on not successfully finished methods &#10;[com.Purchase.PurchaseInvoiceVoidTest.ERPLoginPage() on instance com.Purchase.PurchaseInvoiceVoidTest@6e20b53a]"/>
  </testcase>
  <testcase name="Exception" classname="com.Purchase.PurchaseInvoiceVoidTest" time="0">
    <skipped message="Method com.Purchase.PurchaseInvoiceVoidTest.Exception() on instance com.Purchase.PurchaseInvoiceVoidTest@6e20b53a depends on not successfully finished methods &#10;[com.Purchase.PurchaseInvoiceVoidTest.ERPLoginPage() on instance com.Purchase.PurchaseInvoiceVoidTest@6e20b53a]"/>
  </testcase>
</testsuite>