<?xml version="1.0" encoding="UTF-8"?>
<testng-results ignored="1" total="12" passed="0" failed="1" skipped="10">
  <reporter-output>
  </reporter-output>
  <suite started-at="2026-07-16T17:44:33 IST" name="Suite" finished-at="2026-07-16T17:45:05 IST" duration-ms="31836">
    <groups>
    </groups>
    <test started-at="2026-07-16T17:44:33 IST" name="Test" finished-at="2026-07-16T17:45:05 IST" duration-ms="31836">
      <class name="com.Purchase.PurchaseInvoiceVoidTest">
        <test-method signature="ERPLoginPage()[pri:1, instance:com.Purchase.PurchaseInvoiceVoidTest@6e20b53a]" started-at="2026-07-16T17:44:33 IST" name="ERPLoginPage" finished-at="2026-07-16T17:45:05 IST" duration-ms="31666" status="FAIL">
          <exception class="org.openqa.selenium.NoSuchWindowException">
            <message>
              <![CDATA[no such window: target window already closed
from unknown error: web view not found
  (Session info: chrome=150.0.7871.115)
Build info: version: '3.141.59', revision: 'e82be7d358', time: '2018-11-14T08:17:03'
System info: host: 'DESKTOP-7QA4B29', ip: '192.168.29.93', os.name: 'Windows 10', os.arch: 'amd64', os.version: '10.0', java.version: '17.0.12'
Driver info: org.openqa.selenium.chrome.ChromeDriver
Capabilities {acceptInsecureCerts: false, browserName: chrome, browserVersion: 150.0.7871.115, chrome: {chromedriverVersion: 150.0.7871.124 (9261fd0a595..., userDataDir: C:\Users\Hp\AppData\Local\T...}, fedcm:accounts: true, goog:chromeOptions: {debuggerAddress: localhost:50508}, goog:processID: 12056, javascriptEnabled: true, networkConnectionEnabled: false, pageLoadStrategy: normal, platform: WINDOWS, platformName: WINDOWS, proxy: Proxy(), setWindowRect: true, strictFileInteractability: false, timeouts: {implicit: 0, pageLoad: 300000, script: 30000}, unhandledPromptBehavior: dismiss and notify, webauthn:extension:credBlob: true, webauthn:extension:largeBlob: true, webauthn:extension:minPinLength: true, webauthn:extension:prf: true, webauthn:virtualAuthenticators: true}
Session ID: ff6546e4550541898093e657e7720510]]>
            </message>
            <full-stacktrace>
              <![CDATA[org.openqa.selenium.NoSuchWindowException: no such window: target window already closed
from unknown error: web view not found
  (Session info: chrome=150.0.7871.115)
Build info: version: '3.141.59', revision: 'e82be7d358', time: '2018-11-14T08:17:03'
System info: host: 'DESKTOP-7QA4B29', ip: '192.168.29.93', os.name: 'Windows 10', os.arch: 'amd64', os.version: '10.0', java.version: '17.0.12'
Driver info: org.openqa.selenium.chrome.ChromeDriver
Capabilities {acceptInsecureCerts: false, browserName: chrome, browserVersion: 150.0.7871.115, chrome: {chromedriverVersion: 150.0.7871.124 (9261fd0a595..., userDataDir: C:\Users\Hp\AppData\Local\T...}, fedcm:accounts: true, goog:chromeOptions: {debuggerAddress: localhost:50508}, goog:processID: 12056, javascriptEnabled: true, networkConnectionEnabled: false, pageLoadStrategy: normal, platform: WINDOWS, platformName: WINDOWS, proxy: Proxy(), setWindowRect: true, strictFileInteractability: false, timeouts: {implicit: 0, pageLoad: 300000, script: 30000}, unhandledPromptBehavior: dismiss and notify, webauthn:extension:credBlob: true, webauthn:extension:largeBlob: true, webauthn:extension:minPinLength: true, webauthn:extension:prf: true, webauthn:virtualAuthenticators: true}
Session ID: ff6546e4550541898093e657e7720510
at java.base/jdk.internal.reflect.NativeConstructorAccessorImpl.newInstance0(Native Method)
at java.base/jdk.internal.reflect.NativeConstructorAccessorImpl.newInstance(NativeConstructorAccessorImpl.java:77)
at java.base/jdk.internal.reflect.DelegatingConstructorAccessorImpl.newInstance(DelegatingConstructorAccessorImpl.java:45)
at java.base/java.lang.reflect.Constructor.newInstanceWithCaller(Constructor.java:499)
at java.base/java.lang.reflect.Constructor.newInstance(Constructor.java:480)
at org.openqa.selenium.remote.http.W3CHttpResponseCodec.createException(W3CHttpResponseCodec.java:187)
at org.openqa.selenium.remote.http.W3CHttpResponseCodec.decode(W3CHttpResponseCodec.java:122)
at org.openqa.selenium.remote.http.W3CHttpResponseCodec.decode(W3CHttpResponseCodec.java:49)
at org.openqa.selenium.remote.HttpCommandExecutor.execute(HttpCommandExecutor.java:158)
at org.openqa.selenium.remote.service.DriverCommandExecutor.execute(DriverCommandExecutor.java:83)
at org.openqa.selenium.remote.RemoteWebDriver.execute(RemoteWebDriver.java:552)
at org.openqa.selenium.remote.RemoteWebDriver.execute(RemoteWebDriver.java:609)
at org.openqa.selenium.remote.RemoteWebDriver.getCurrentUrl(RemoteWebDriver.java:287)
at com.Purchase.PurchaseInvoiceVoidTest.ERPLoginPage(PurchaseInvoiceVoidTest.java:83)
at java.base/jdk.internal.reflect.NativeMethodAccessorImpl.invoke0(Native Method)
at java.base/jdk.internal.reflect.NativeMethodAccessorImpl.invoke(NativeMethodAccessorImpl.java:77)
at java.base/jdk.internal.reflect.DelegatingMethodAccessorImpl.invoke(DelegatingMethodAccessorImpl.java:43)
at java.base/java.lang.reflect.Method.invoke(Method.java:568)
at org.testng.internal.invokers.MethodInvocationHelper.invokeMethod(MethodInvocationHelper.java:139)
at org.testng.internal.invokers.TestInvoker.invokeMethod(TestInvoker.java:677)
at org.testng.internal.invokers.TestInvoker.invokeTestMethod(TestInvoker.java:221)
at org.testng.internal.invokers.MethodRunner.runInSequence(MethodRunner.java:50)
at org.testng.internal.invokers.TestInvoker$MethodInvocationAgent.invoke(TestInvoker.java:962)
at org.testng.internal.invokers.TestInvoker.invokeTestMethods(TestInvoker.java:194)
at org.testng.internal.invokers.TestMethodWorker.invokeTestMethods(TestMethodWorker.java:148)
at org.testng.internal.invokers.TestMethodWorker.run(TestMethodWorker.java:128)
at java.base/java.util.concurrent.ThreadPoolExecutor.runWorker(ThreadPoolExecutor.java:1136)
at java.base/java.util.concurrent.ThreadPoolExecutor$Worker.run(ThreadPoolExecutor.java:635)
at java.base/java.lang.Thread.run(Thread.java:842)
]]>
            </full-stacktrace>
          </exception> <!-- org.openqa.selenium.NoSuchWindowException -->
          <reporter-output>
          </reporter-output>
        </test-method> <!-- ERPLoginPage -->
        <test-method signature="GetData(java.lang.String,java.lang.String,java.lang.String,java.lang.String,java.lang.String,java.lang.String,java.lang.String,java.lang.String,java.lang.String,java.lang.String,java.lang.String,java.lang.String,java.lang.String,java.lang.String,java.lang.String,java.lang.String,java.lang.String,java.lang.String,java.lang.String,java.lang.String,java.lang.String,java.lang.String,java.lang.String,java.lang.String,java.lang.String,java.lang.String,java.lang.String,java.lang.String)[pri:4, instance:com.Purchase.PurchaseInvoiceVoidTest@6e20b53a]" started-at="2026-07-16T17:45:05 IST" name="GetData" finished-at="2026-07-16T17:45:05 IST" depends-on-methods="com.Purchase.PurchaseInvoiceVoidTest.ERPLoginPage" duration-ms="0" status="SKIP">
          <exception class="java.lang.Throwable">
            <message>
              <![CDATA[Method com.Purchase.PurchaseInvoiceVoidTest.GetData() on instance com.Purchase.PurchaseInvoiceVoidTest@6e20b53a depends on not successfully finished methods 
[com.Purchase.PurchaseInvoiceVoidTest.ERPLoginPage() on instance com.Purchase.PurchaseInvoiceVoidTest@6e20b53a]]]>
            </message>
            <full-stacktrace>
              <![CDATA[java.lang.Throwable: Method com.Purchase.PurchaseInvoiceVoidTest.GetData() on instance com.Purchase.PurchaseInvoiceVoidTest@6e20b53a depends on not successfully finished methods 
[com.Purchase.PurchaseInvoiceVoidTest.ERPLoginPage() on instance com.Purchase.PurchaseInvoiceVoidTest@6e20b53a]
at org.testng.internal.invokers.TestInvoker.invokeTestMethods(TestInvoker.java:150)
at org.testng.internal.invokers.TestMethodWorker.invokeTestMethods(TestMethodWorker.java:148)
at org.testng.internal.invokers.TestMethodWorker.run(TestMethodWorker.java:128)
at java.base/java.util.concurrent.ThreadPoolExecutor.runWorker(ThreadPoolExecutor.java:1136)
at java.base/java.util.concurrent.ThreadPoolExecutor$Worker.run(ThreadPoolExecutor.java:635)
at java.base/java.lang.Thread.run(Thread.java:842)
]]>
            </full-stacktrace>
          </exception> <!-- java.lang.Throwable -->
          <reporter-output>
          </reporter-output>
        </test-method> <!-- GetData -->
        <test-method signature="SystemSettingsPage()[pri:10, instance:com.Purchase.PurchaseInvoiceVoidTest@6e20b53a]" started-at="2026-07-16T17:45:05 IST" name="SystemSettingsPage" finished-at="2026-07-16T17:45:05 IST" depends-on-methods="com.Purchase.PurchaseInvoiceVoidTest.ERPLoginPage" duration-ms="1" status="SKIP">
          <exception class="java.lang.Throwable">
            <message>
              <![CDATA[Method com.Purchase.PurchaseInvoiceVoidTest.SystemSettingsPage() on instance com.Purchase.PurchaseInvoiceVoidTest@6e20b53a depends on not successfully finished methods 
[com.Purchase.PurchaseInvoiceVoidTest.ERPLoginPage() on instance com.Purchase.PurchaseInvoiceVoidTest@6e20b53a]]]>
            </message>
            <full-stacktrace>
              <![CDATA[java.lang.Throwable: Method com.Purchase.PurchaseInvoiceVoidTest.SystemSettingsPage() on instance com.Purchase.PurchaseInvoiceVoidTest@6e20b53a depends on not successfully finished methods 
[com.Purchase.PurchaseInvoiceVoidTest.ERPLoginPage() on instance com.Purchase.PurchaseInvoiceVoidTest@6e20b53a]
at org.testng.internal.invokers.TestInvoker.invokeTestMethods(TestInvoker.java:150)
at org.testng.internal.invokers.TestMethodWorker.invokeTestMethods(TestMethodWorker.java:148)
at org.testng.internal.invokers.TestMethodWorker.run(TestMethodWorker.java:128)
at java.base/java.util.concurrent.ThreadPoolExecutor.runWorker(ThreadPoolExecutor.java:1136)
at java.base/java.util.concurrent.ThreadPoolExecutor$Worker.run(ThreadPoolExecutor.java:635)
at java.base/java.lang.Thread.run(Thread.java:842)
]]>
            </full-stacktrace>
          </exception> <!-- java.lang.Throwable -->
          <reporter-output>
          </reporter-output>
        </test-method> <!-- SystemSettingsPage -->
        <test-method signature="ProductPage()[pri:12, instance:com.Purchase.PurchaseInvoiceVoidTest@6e20b53a]" started-at="2026-07-16T17:45:05 IST" name="ProductPage" finished-at="2026-07-16T17:45:05 IST" depends-on-methods="com.Purchase.PurchaseInvoiceVoidTest.ERPLoginPage" duration-ms="0" status="SKIP">
          <exception class="java.lang.Throwable">
            <message>
              <![CDATA[Method com.Purchase.PurchaseInvoiceVoidTest.ProductPage() on instance com.Purchase.PurchaseInvoiceVoidTest@6e20b53a depends on not successfully finished methods 
[com.Purchase.PurchaseInvoiceVoidTest.ERPLoginPage() on instance com.Purchase.PurchaseInvoiceVoidTest@6e20b53a]]]>
            </message>
            <full-stacktrace>
              <![CDATA[java.lang.Throwable: Method com.Purchase.PurchaseInvoiceVoidTest.ProductPage() on instance com.Purchase.PurchaseInvoiceVoidTest@6e20b53a depends on not successfully finished methods 
[com.Purchase.PurchaseInvoiceVoidTest.ERPLoginPage() on instance com.Purchase.PurchaseInvoiceVoidTest@6e20b53a]
at org.testng.internal.invokers.TestInvoker.invokeTestMethods(TestInvoker.java:150)
at org.testng.internal.invokers.TestMethodWorker.invokeTestMethods(TestMethodWorker.java:148)
at org.testng.internal.invokers.TestMethodWorker.run(TestMethodWorker.java:128)
at java.base/java.util.concurrent.ThreadPoolExecutor.runWorker(ThreadPoolExecutor.java:1136)
at java.base/java.util.concurrent.ThreadPoolExecutor$Worker.run(ThreadPoolExecutor.java:635)
at java.base/java.lang.Thread.run(Thread.java:842)
]]>
            </full-stacktrace>
          </exception> <!-- java.lang.Throwable -->
          <reporter-output>
          </reporter-output>
        </test-method> <!-- ProductPage -->
        <test-method signature="VendorPage()[pri:14, instance:com.Purchase.PurchaseInvoiceVoidTest@6e20b53a]" started-at="2026-07-16T17:45:05 IST" name="VendorPage" finished-at="2026-07-16T17:45:05 IST" depends-on-methods="com.Purchase.PurchaseInvoiceVoidTest.ERPLoginPage" duration-ms="0" status="SKIP">
          <exception class="java.lang.Throwable">
            <message>
              <![CDATA[Method com.Purchase.PurchaseInvoiceVoidTest.VendorPage() on instance com.Purchase.PurchaseInvoiceVoidTest@6e20b53a depends on not successfully finished methods 
[com.Purchase.PurchaseInvoiceVoidTest.ERPLoginPage() on instance com.Purchase.PurchaseInvoiceVoidTest@6e20b53a]]]>
            </message>
            <full-stacktrace>
              <![CDATA[java.lang.Throwable: Method com.Purchase.PurchaseInvoiceVoidTest.VendorPage() on instance com.Purchase.PurchaseInvoiceVoidTest@6e20b53a depends on not successfully finished methods 
[com.Purchase.PurchaseInvoiceVoidTest.ERPLoginPage() on instance com.Purchase.PurchaseInvoiceVoidTest@6e20b53a]
at org.testng.internal.invokers.TestInvoker.invokeTestMethods(TestInvoker.java:150)
at org.testng.internal.invokers.TestMethodWorker.invokeTestMethods(TestMethodWorker.java:148)
at org.testng.internal.invokers.TestMethodWorker.run(TestMethodWorker.java:128)
at java.base/java.util.concurrent.ThreadPoolExecutor.runWorker(ThreadPoolExecutor.java:1136)
at java.base/java.util.concurrent.ThreadPoolExecutor$Worker.run(ThreadPoolExecutor.java:635)
at java.base/java.lang.Thread.run(Thread.java:842)
]]>
            </full-stacktrace>
          </exception> <!-- java.lang.Throwable -->
          <reporter-output>
          </reporter-output>
        </test-method> <!-- VendorPage -->
        <test-method signature="UomPage()[pri:16, instance:com.Purchase.PurchaseInvoiceVoidTest@6e20b53a]" started-at="2026-07-16T17:45:05 IST" name="UomPage" finished-at="2026-07-16T17:45:05 IST" depends-on-methods="com.Purchase.PurchaseInvoiceVoidTest.ERPLoginPage" duration-ms="0" status="SKIP">
          <exception class="java.lang.Throwable">
            <message>
              <![CDATA[Method com.Purchase.PurchaseInvoiceVoidTest.UomPage() on instance com.Purchase.PurchaseInvoiceVoidTest@6e20b53a depends on not successfully finished methods 
[com.Purchase.PurchaseInvoiceVoidTest.ERPLoginPage() on instance com.Purchase.PurchaseInvoiceVoidTest@6e20b53a]]]>
            </message>
            <full-stacktrace>
              <![CDATA[java.lang.Throwable: Method com.Purchase.PurchaseInvoiceVoidTest.UomPage() on instance com.Purchase.PurchaseInvoiceVoidTest@6e20b53a depends on not successfully finished methods 
[com.Purchase.PurchaseInvoiceVoidTest.ERPLoginPage() on instance com.Purchase.PurchaseInvoiceVoidTest@6e20b53a]
at org.testng.internal.invokers.TestInvoker.invokeTestMethods(TestInvoker.java:150)
at org.testng.internal.invokers.TestMethodWorker.invokeTestMethods(TestMethodWorker.java:148)
at org.testng.internal.invokers.TestMethodWorker.run(TestMethodWorker.java:128)
at java.base/java.util.concurrent.ThreadPoolExecutor.runWorker(ThreadPoolExecutor.java:1136)
at java.base/java.util.concurrent.ThreadPoolExecutor$Worker.run(ThreadPoolExecutor.java:635)
at java.base/java.lang.Thread.run(Thread.java:842)
]]>
            </full-stacktrace>
          </exception> <!-- java.lang.Throwable -->
          <reporter-output>
          </reporter-output>
        </test-method> <!-- UomPage -->
        <test-method signature="PurchaseInvoicetoVoid()[pri:18, instance:com.Purchase.PurchaseInvoiceVoidTest@6e20b53a]" started-at="2026-07-16T17:45:05 IST" name="PurchaseInvoicetoVoid" finished-at="2026-07-16T17:45:05 IST" depends-on-methods="com.Purchase.PurchaseInvoiceVoidTest.ERPLoginPage" duration-ms="0" status="SKIP">
          <exception class="java.lang.Throwable">
            <message>
              <![CDATA[Method com.Purchase.PurchaseInvoiceVoidTest.PurchaseInvoicetoVoid() on instance com.Purchase.PurchaseInvoiceVoidTest@6e20b53a depends on not successfully finished methods 
[com.Purchase.PurchaseInvoiceVoidTest.ERPLoginPage() on instance com.Purchase.PurchaseInvoiceVoidTest@6e20b53a]]]>
            </message>
            <full-stacktrace>
              <![CDATA[java.lang.Throwable: Method com.Purchase.PurchaseInvoiceVoidTest.PurchaseInvoicetoVoid() on instance com.Purchase.PurchaseInvoiceVoidTest@6e20b53a depends on not successfully finished methods 
[com.Purchase.PurchaseInvoiceVoidTest.ERPLoginPage() on instance com.Purchase.PurchaseInvoiceVoidTest@6e20b53a]
at org.testng.internal.invokers.TestInvoker.invokeTestMethods(TestInvoker.java:150)
at org.testng.internal.invokers.TestMethodWorker.invokeTestMethods(TestMethodWorker.java:148)
at org.testng.internal.invokers.TestMethodWorker.run(TestMethodWorker.java:128)
at java.base/java.util.concurrent.ThreadPoolExecutor.runWorker(ThreadPoolExecutor.java:1136)
at java.base/java.util.concurrent.ThreadPoolExecutor$Worker.run(ThreadPoolExecutor.java:635)
at java.base/java.lang.Thread.run(Thread.java:842)
]]>
            </full-stacktrace>
          </exception> <!-- java.lang.Throwable -->
          <reporter-output>
          </reporter-output>
        </test-method> <!-- PurchaseInvoicetoVoid -->
        <test-method signature="StockCalculation()[pri:20, instance:com.Purchase.PurchaseInvoiceVoidTest@6e20b53a]" started-at="2026-07-16T17:45:05 IST" name="StockCalculation" finished-at="2026-07-16T17:45:05 IST" depends-on-methods="com.Purchase.PurchaseInvoiceVoidTest.ERPLoginPage" duration-ms="0" status="SKIP">
          <exception class="java.lang.Throwable">
            <message>
              <![CDATA[Method com.Purchase.PurchaseInvoiceVoidTest.StockCalculation() on instance com.Purchase.PurchaseInvoiceVoidTest@6e20b53a depends on not successfully finished methods 
[com.Purchase.PurchaseInvoiceVoidTest.ERPLoginPage() on instance com.Purchase.PurchaseInvoiceVoidTest@6e20b53a]]]>
            </message>
            <full-stacktrace>
              <![CDATA[java.lang.Throwable: Method com.Purchase.PurchaseInvoiceVoidTest.StockCalculation() on instance com.Purchase.PurchaseInvoiceVoidTest@6e20b53a depends on not successfully finished methods 
[com.Purchase.PurchaseInvoiceVoidTest.ERPLoginPage() on instance com.Purchase.PurchaseInvoiceVoidTest@6e20b53a]
at org.testng.internal.invokers.TestInvoker.invokeTestMethods(TestInvoker.java:150)
at org.testng.internal.invokers.TestMethodWorker.invokeTestMethods(TestMethodWorker.java:148)
at org.testng.internal.invokers.TestMethodWorker.run(TestMethodWorker.java:128)
at java.base/java.util.concurrent.ThreadPoolExecutor.runWorker(ThreadPoolExecutor.java:1136)
at java.base/java.util.concurrent.ThreadPoolExecutor$Worker.run(ThreadPoolExecutor.java:635)
at java.base/java.lang.Thread.run(Thread.java:842)
]]>
            </full-stacktrace>
          </exception> <!-- java.lang.Throwable -->
          <reporter-output>
          </reporter-output>
        </test-method> <!-- StockCalculation -->
        <test-method signature="ExpectedProduct()[pri:22, instance:com.Purchase.PurchaseInvoiceVoidTest@6e20b53a]" started-at="2026-07-16T17:45:05 IST" name="ExpectedProduct" finished-at="2026-07-16T17:45:05 IST" depends-on-methods="com.Purchase.PurchaseInvoiceVoidTest.ERPLoginPage" duration-ms="0" status="SKIP">
          <exception class="java.lang.Throwable">
            <message>
              <![CDATA[Method com.Purchase.PurchaseInvoiceVoidTest.ExpectedProduct() on instance com.Purchase.PurchaseInvoiceVoidTest@6e20b53a depends on not successfully finished methods 
[com.Purchase.PurchaseInvoiceVoidTest.ERPLoginPage() on instance com.Purchase.PurchaseInvoiceVoidTest@6e20b53a]]]>
            </message>
            <full-stacktrace>
              <![CDATA[java.lang.Throwable: Method com.Purchase.PurchaseInvoiceVoidTest.ExpectedProduct() on instance com.Purchase.PurchaseInvoiceVoidTest@6e20b53a depends on not successfully finished methods 
[com.Purchase.PurchaseInvoiceVoidTest.ERPLoginPage() on instance com.Purchase.PurchaseInvoiceVoidTest@6e20b53a]
at org.testng.internal.invokers.TestInvoker.invokeTestMethods(TestInvoker.java:150)
at org.testng.internal.invokers.TestMethodWorker.invokeTestMethods(TestMethodWorker.java:148)
at org.testng.internal.invokers.TestMethodWorker.run(TestMethodWorker.java:128)
at java.base/java.util.concurrent.ThreadPoolExecutor.runWorker(ThreadPoolExecutor.java:1136)
at java.base/java.util.concurrent.ThreadPoolExecutor$Worker.run(ThreadPoolExecutor.java:635)
at java.base/java.lang.Thread.run(Thread.java:842)
]]>
            </full-stacktrace>
          </exception> <!-- java.lang.Throwable -->
          <reporter-output>
          </reporter-output>
        </test-method> <!-- ExpectedProduct -->
        <test-method signature="ProductMovementPage()[pri:24, instance:com.Purchase.PurchaseInvoiceVoidTest@6e20b53a]" started-at="2026-07-16T17:45:05 IST" name="ProductMovementPage" finished-at="2026-07-16T17:45:05 IST" depends-on-methods="com.Purchase.PurchaseInvoiceVoidTest.ERPLoginPage" duration-ms="0" status="SKIP">
          <exception class="java.lang.Throwable">
            <message>
              <![CDATA[Method com.Purchase.PurchaseInvoiceVoidTest.ProductMovementPage() on instance com.Purchase.PurchaseInvoiceVoidTest@6e20b53a depends on not successfully finished methods 
[com.Purchase.PurchaseInvoiceVoidTest.ERPLoginPage() on instance com.Purchase.PurchaseInvoiceVoidTest@6e20b53a]]]>
            </message>
            <full-stacktrace>
              <![CDATA[java.lang.Throwable: Method com.Purchase.PurchaseInvoiceVoidTest.ProductMovementPage() on instance com.Purchase.PurchaseInvoiceVoidTest@6e20b53a depends on not successfully finished methods 
[com.Purchase.PurchaseInvoiceVoidTest.ERPLoginPage() on instance com.Purchase.PurchaseInvoiceVoidTest@6e20b53a]
at org.testng.internal.invokers.TestInvoker.invokeTestMethods(TestInvoker.java:150)
at org.testng.internal.invokers.TestMethodWorker.invokeTestMethods(TestMethodWorker.java:148)
at org.testng.internal.invokers.TestMethodWorker.run(TestMethodWorker.java:128)
at java.base/java.util.concurrent.ThreadPoolExecutor.runWorker(ThreadPoolExecutor.java:1136)
at java.base/java.util.concurrent.ThreadPoolExecutor$Worker.run(ThreadPoolExecutor.java:635)
at java.base/java.lang.Thread.run(Thread.java:842)
]]>
            </full-stacktrace>
          </exception> <!-- java.lang.Throwable -->
          <reporter-output>
          </reporter-output>
        </test-method> <!-- ProductMovementPage -->
        <test-method signature="Exception()[pri:45, instance:com.Purchase.PurchaseInvoiceVoidTest@6e20b53a]" started-at="2026-07-16T17:45:05 IST" name="Exception" finished-at="2026-07-16T17:45:05 IST" depends-on-methods="com.Purchase.PurchaseInvoiceVoidTest.ERPLoginPage" duration-ms="0" status="SKIP">
          <exception class="java.lang.Throwable">
            <message>
              <![CDATA[Method com.Purchase.PurchaseInvoiceVoidTest.Exception() on instance com.Purchase.PurchaseInvoiceVoidTest@6e20b53a depends on not successfully finished methods 
[com.Purchase.PurchaseInvoiceVoidTest.ERPLoginPage() on instance com.Purchase.PurchaseInvoiceVoidTest@6e20b53a]]]>
            </message>
            <full-stacktrace>
              <![CDATA[java.lang.Throwable: Method com.Purchase.PurchaseInvoiceVoidTest.Exception() on instance com.Purchase.PurchaseInvoiceVoidTest@6e20b53a depends on not successfully finished methods 
[com.Purchase.PurchaseInvoiceVoidTest.ERPLoginPage() on instance com.Purchase.PurchaseInvoiceVoidTest@6e20b53a]
at org.testng.internal.invokers.TestInvoker.invokeTestMethods(TestInvoker.java:150)
at org.testng.internal.invokers.TestMethodWorker.invokeTestMethods(TestMethodWorker.java:148)
at org.testng.internal.invokers.TestMethodWorker.run(TestMethodWorker.java:128)
at java.base/java.util.concurrent.ThreadPoolExecutor.runWorker(ThreadPoolExecutor.java:1136)
at java.base/java.util.concurrent.ThreadPoolExecutor$Worker.run(ThreadPoolExecutor.java:635)
at java.base/java.lang.Thread.run(Thread.java:842)
]]>
            </full-stacktrace>
          </exception> <!-- java.lang.Throwable -->
          <reporter-output>
          </reporter-output>
        </test-method> <!-- Exception -->
      </class> <!-- com.Purchase.PurchaseInvoiceVoidTest -->
    </test> <!-- Test -->
  </suite> <!-- Suite -->
</testng-results>
