<?xml version="1.0" encoding="UTF-8"?>
<testng-results ignored="1" total="22" passed="21" failed="0" skipped="0">
  <reporter-output>
  </reporter-output>
  <suite started-at="2025-10-24T12:15:50 IST" name="Suite" finished-at="2025-10-24T12:30:26 IST" duration-ms="875956">
    <groups>
    </groups>
    <test started-at="2025-10-24T12:15:50 IST" name="Test" finished-at="2025-10-24T12:30:26 IST" duration-ms="875956">
      <class name="com.Sales.SalesOrderToSalesInvoiceTest">
        <test-method is-config="true" signature="Environment(java.lang.String)[pri:0, instance:com.Sales.SalesOrderToSalesInvoiceTest@5f049ea1]" started-at="2025-10-24T12:15:50 IST" name="Environment" finished-at="2025-10-24T12:15:55 IST" duration-ms="4893" status="PASS">
          <params>
            <param index="0">
              <value>
                <![CDATA[Dev]]>
              </value>
            </param>
          </params>
          <reporter-output>
          </reporter-output>
        </test-method> <!-- Environment -->
        <test-method signature="ERPLoginPage()[pri:1, instance:com.Sales.SalesOrderToSalesInvoiceTest@5f049ea1]" started-at="2025-10-24T12:15:55 IST" name="ERPLoginPage" finished-at="2025-10-24T12:15:57 IST" duration-ms="2576" status="PASS">
          <reporter-output>
          </reporter-output>
        </test-method> <!-- ERPLoginPage -->
        <test-method signature="GetData(java.lang.String,java.lang.String,java.lang.String,java.lang.String,java.lang.String,java.lang.String,java.lang.String,java.lang.String,java.lang.String,java.lang.String,java.lang.String,java.lang.String,java.lang.String,java.lang.String,java.lang.String,java.lang.String,java.lang.String,java.lang.String,java.lang.String,java.lang.String,java.lang.String,java.lang.String,java.lang.String,java.lang.String,java.lang.String)[pri:4, instance:com.Sales.SalesOrderToSalesInvoiceTest@5f049ea1]" started-at="2025-10-24T12:15:58 IST" name="GetData" data-provider="Util1" finished-at="2025-10-24T12:15:58 IST" depends-on-methods="com.Sales.SalesOrderToSalesInvoiceTest.ERPLoginPage" duration-ms="3" status="PASS">
          <params>
            <param index="0">
              <value>
                <![CDATA[C0002]]>
              </value>
            </param>
            <param index="1">
              <value>
                <![CDATA[SGD]]>
              </value>
            </param>
            <param index="2">
              <value>
                <![CDATA[1]]>
              </value>
            </param>
            <param index="3">
              <value>
                <![CDATA[Inclusive]]>
              </value>
            </param>
            <param index="4">
              <value>
                <![CDATA[Product]]>
              </value>
            </param>
            <param index="5">
              <value>
                <![CDATA[P0147]]>
              </value>
            </param>
            <param index="6">
              <value>
                <![CDATA[FreshMint Glow]]>
              </value>
            </param>
            <param index="7">
              <value>
                <![CDATA[1X1KG]]>
              </value>
            </param>
            <param index="8">
              <value>
                <![CDATA[1]]>
              </value>
            </param>
            <param index="9">
              <value>
                <![CDATA[1]]>
              </value>
            </param>
            <param index="10">
              <value>
                <![CDATA[2]]>
              </value>
            </param>
            <param index="11">
              <value>
                <![CDATA[]]>
              </value>
            </param>
            <param index="12">
              <value>
                <![CDATA[TRUE]]>
              </value>
            </param>
            <param index="13">
              <value>
                <![CDATA[5]]>
              </value>
            </param>
            <param index="14">
              <value>
                <![CDATA[25]]>
              </value>
            </param>
            <param index="15">
              <value>
                <![CDATA[60]]>
              </value>
            </param>
            <param index="16">
              <value>
                <![CDATA[TRUE]]>
              </value>
            </param>
            <param index="17">
              <value>
                <![CDATA[100]]>
              </value>
            </param>
            <param index="18">
              <value>
                <![CDATA[%]]>
              </value>
            </param>
            <param index="19">
              <value>
                <![CDATA[10]]>
              </value>
            </param>
            <param index="20">
              <value>
                <![CDATA[10]]>
              </value>
            </param>
            <param index="21">
              <value>
                <![CDATA[9]]>
              </value>
            </param>
            <param index="22">
              <value>
                <![CDATA[]]>
              </value>
            </param>
            <param index="23">
              <value>
                <![CDATA[TRUE]]>
              </value>
            </param>
            <param index="24">
              <value>
                <![CDATA[]]>
              </value>
            </param>
          </params>
          <reporter-output>
          </reporter-output>
        </test-method> <!-- GetData -->
        <test-method signature="GetData(java.lang.String,java.lang.String,java.lang.String,java.lang.String,java.lang.String,java.lang.String,java.lang.String,java.lang.String,java.lang.String,java.lang.String,java.lang.String,java.lang.String,java.lang.String,java.lang.String,java.lang.String,java.lang.String,java.lang.String,java.lang.String,java.lang.String,java.lang.String,java.lang.String,java.lang.String,java.lang.String,java.lang.String,java.lang.String)[pri:4, instance:com.Sales.SalesOrderToSalesInvoiceTest@5f049ea1]" started-at="2025-10-24T12:15:58 IST" name="GetData" data-provider="Util1" finished-at="2025-10-24T12:15:58 IST" depends-on-methods="com.Sales.SalesOrderToSalesInvoiceTest.ERPLoginPage" duration-ms="2" status="PASS">
          <params>
            <param index="0">
              <value>
                <![CDATA[]]>
              </value>
            </param>
            <param index="1">
              <value>
                <![CDATA[]]>
              </value>
            </param>
            <param index="2">
              <value>
                <![CDATA[]]>
              </value>
            </param>
            <param index="3">
              <value>
                <![CDATA[]]>
              </value>
            </param>
            <param index="4">
              <value>
                <![CDATA[Product]]>
              </value>
            </param>
            <param index="5">
              <value>
                <![CDATA[P0148]]>
              </value>
            </param>
            <param index="6">
              <value>
                <![CDATA[Herbal Essence Bar]]>
              </value>
            </param>
            <param index="7">
              <value>
                <![CDATA[1KG]]>
              </value>
            </param>
            <param index="8">
              <value>
                <![CDATA[1]]>
              </value>
            </param>
            <param index="9">
              <value>
                <![CDATA[]]>
              </value>
            </param>
            <param index="10">
              <value>
                <![CDATA[2]]>
              </value>
            </param>
            <param index="11">
              <value>
                <![CDATA[]]>
              </value>
            </param>
            <param index="12">
              <value>
                <![CDATA[]]>
              </value>
            </param>
            <param index="13">
              <value>
                <![CDATA[]]>
              </value>
            </param>
            <param index="14">
              <value>
                <![CDATA[]]>
              </value>
            </param>
            <param index="15">
              <value>
                <![CDATA[50]]>
              </value>
            </param>
            <param index="16">
              <value>
                <![CDATA[TRUE]]>
              </value>
            </param>
            <param index="17">
              <value>
                <![CDATA[100]]>
              </value>
            </param>
            <param index="18">
              <value>
                <![CDATA[]]>
              </value>
            </param>
            <param index="19">
              <value>
                <![CDATA[]]>
              </value>
            </param>
            <param index="20">
              <value>
                <![CDATA[]]>
              </value>
            </param>
            <param index="21">
              <value>
                <![CDATA[]]>
              </value>
            </param>
            <param index="22">
              <value>
                <![CDATA[TRUE]]>
              </value>
            </param>
            <param index="23">
              <value>
                <![CDATA[TRUE]]>
              </value>
            </param>
            <param index="24">
              <value>
                <![CDATA[1]]>
              </value>
            </param>
          </params>
          <reporter-output>
          </reporter-output>
        </test-method> <!-- GetData -->
        <test-method signature="GetData(java.lang.String,java.lang.String,java.lang.String,java.lang.String,java.lang.String,java.lang.String,java.lang.String,java.lang.String,java.lang.String,java.lang.String,java.lang.String,java.lang.String,java.lang.String,java.lang.String,java.lang.String,java.lang.String,java.lang.String,java.lang.String,java.lang.String,java.lang.String,java.lang.String,java.lang.String,java.lang.String,java.lang.String,java.lang.String)[pri:4, instance:com.Sales.SalesOrderToSalesInvoiceTest@5f049ea1]" started-at="2025-10-24T12:15:58 IST" name="GetData" data-provider="Util1" finished-at="2025-10-24T12:15:58 IST" depends-on-methods="com.Sales.SalesOrderToSalesInvoiceTest.ERPLoginPage" duration-ms="2" status="PASS">
          <params>
            <param index="0">
              <value>
                <![CDATA[]]>
              </value>
            </param>
            <param index="1">
              <value>
                <![CDATA[]]>
              </value>
            </param>
            <param index="2">
              <value>
                <![CDATA[]]>
              </value>
            </param>
            <param index="3">
              <value>
                <![CDATA[]]>
              </value>
            </param>
            <param index="4">
              <value>
                <![CDATA[Product]]>
              </value>
            </param>
            <param index="5">
              <value>
                <![CDATA[P0149]]>
              </value>
            </param>
            <param index="6">
              <value>
                <![CDATA[Ocean Breeze Soap]]>
              </value>
            </param>
            <param index="7">
              <value>
                <![CDATA[6X1GM]]>
              </value>
            </param>
            <param index="8">
              <value>
                <![CDATA[1]]>
              </value>
            </param>
            <param index="9">
              <value>
                <![CDATA[1]]>
              </value>
            </param>
            <param index="10">
              <value>
                <![CDATA[2]]>
              </value>
            </param>
            <param index="11">
              <value>
                <![CDATA[]]>
              </value>
            </param>
            <param index="12">
              <value>
                <![CDATA[]]>
              </value>
            </param>
            <param index="13">
              <value>
                <![CDATA[]]>
              </value>
            </param>
            <param index="14">
              <value>
                <![CDATA[]]>
              </value>
            </param>
            <param index="15">
              <value>
                <![CDATA[30]]>
              </value>
            </param>
            <param index="16">
              <value>
                <![CDATA[TRUE]]>
              </value>
            </param>
            <param index="17">
              <value>
                <![CDATA[100]]>
              </value>
            </param>
            <param index="18">
              <value>
                <![CDATA[]]>
              </value>
            </param>
            <param index="19">
              <value>
                <![CDATA[]]>
              </value>
            </param>
            <param index="20">
              <value>
                <![CDATA[]]>
              </value>
            </param>
            <param index="21">
              <value>
                <![CDATA[]]>
              </value>
            </param>
            <param index="22">
              <value>
                <![CDATA[]]>
              </value>
            </param>
            <param index="23">
              <value>
                <![CDATA[TRUE]]>
              </value>
            </param>
            <param index="24">
              <value>
                <![CDATA[]]>
              </value>
            </param>
          </params>
          <reporter-output>
          </reporter-output>
        </test-method> <!-- GetData -->
        <test-method signature="GetData(java.lang.String,java.lang.String,java.lang.String,java.lang.String,java.lang.String,java.lang.String,java.lang.String,java.lang.String,java.lang.String,java.lang.String,java.lang.String,java.lang.String,java.lang.String,java.lang.String,java.lang.String,java.lang.String,java.lang.String,java.lang.String,java.lang.String,java.lang.String,java.lang.String,java.lang.String,java.lang.String,java.lang.String,java.lang.String)[pri:4, instance:com.Sales.SalesOrderToSalesInvoiceTest@5f049ea1]" started-at="2025-10-24T12:15:58 IST" name="GetData" data-provider="Util1" finished-at="2025-10-24T12:15:58 IST" depends-on-methods="com.Sales.SalesOrderToSalesInvoiceTest.ERPLoginPage" duration-ms="4" status="PASS">
          <params>
            <param index="0">
              <value>
                <![CDATA[]]>
              </value>
            </param>
            <param index="1">
              <value>
                <![CDATA[]]>
              </value>
            </param>
            <param index="2">
              <value>
                <![CDATA[]]>
              </value>
            </param>
            <param index="3">
              <value>
                <![CDATA[]]>
              </value>
            </param>
            <param index="4">
              <value>
                <![CDATA[Product]]>
              </value>
            </param>
            <param index="5">
              <value>
                <![CDATA[P0150]]>
              </value>
            </param>
            <param index="6">
              <value>
                <![CDATA[Lavender Calm]]>
              </value>
            </param>
            <param index="7">
              <value>
                <![CDATA[10X1GM]]>
              </value>
            </param>
            <param index="8">
              <value>
                <![CDATA[1]]>
              </value>
            </param>
            <param index="9">
              <value>
                <![CDATA[]]>
              </value>
            </param>
            <param index="10">
              <value>
                <![CDATA[2]]>
              </value>
            </param>
            <param index="11">
              <value>
                <![CDATA[]]>
              </value>
            </param>
            <param index="12">
              <value>
                <![CDATA[]]>
              </value>
            </param>
            <param index="13">
              <value>
                <![CDATA[]]>
              </value>
            </param>
            <param index="14">
              <value>
                <![CDATA[]]>
              </value>
            </param>
            <param index="15">
              <value>
                <![CDATA[60]]>
              </value>
            </param>
            <param index="16">
              <value>
                <![CDATA[TRUE]]>
              </value>
            </param>
            <param index="17">
              <value>
                <![CDATA[100]]>
              </value>
            </param>
            <param index="18">
              <value>
                <![CDATA[]]>
              </value>
            </param>
            <param index="19">
              <value>
                <![CDATA[]]>
              </value>
            </param>
            <param index="20">
              <value>
                <![CDATA[]]>
              </value>
            </param>
            <param index="21">
              <value>
                <![CDATA[]]>
              </value>
            </param>
            <param index="22">
              <value>
                <![CDATA[TRUE]]>
              </value>
            </param>
            <param index="23">
              <value>
                <![CDATA[TRUE]]>
              </value>
            </param>
            <param index="24">
              <value>
                <![CDATA[]]>
              </value>
            </param>
          </params>
          <reporter-output>
          </reporter-output>
        </test-method> <!-- GetData -->
        <test-method signature="GetData(java.lang.String,java.lang.String,java.lang.String,java.lang.String,java.lang.String,java.lang.String,java.lang.String,java.lang.String,java.lang.String,java.lang.String,java.lang.String,java.lang.String,java.lang.String,java.lang.String,java.lang.String,java.lang.String,java.lang.String,java.lang.String,java.lang.String,java.lang.String,java.lang.String,java.lang.String,java.lang.String,java.lang.String,java.lang.String)[pri:4, instance:com.Sales.SalesOrderToSalesInvoiceTest@5f049ea1]" started-at="2025-10-24T12:15:58 IST" name="GetData" data-provider="Util1" finished-at="2025-10-24T12:15:58 IST" depends-on-methods="com.Sales.SalesOrderToSalesInvoiceTest.ERPLoginPage" duration-ms="1" status="PASS">
          <params>
            <param index="0">
              <value>
                <![CDATA[]]>
              </value>
            </param>
            <param index="1">
              <value>
                <![CDATA[]]>
              </value>
            </param>
            <param index="2">
              <value>
                <![CDATA[]]>
              </value>
            </param>
            <param index="3">
              <value>
                <![CDATA[]]>
              </value>
            </param>
            <param index="4">
              <value>
                <![CDATA[Product]]>
              </value>
            </param>
            <param index="5">
              <value>
                <![CDATA[P0151]]>
              </value>
            </param>
            <param index="6">
              <value>
                <![CDATA[Neem & Tulsi Guard]]>
              </value>
            </param>
            <param index="7">
              <value>
                <![CDATA[PCS]]>
              </value>
            </param>
            <param index="8">
              <value>
                <![CDATA[1]]>
              </value>
            </param>
            <param index="9">
              <value>
                <![CDATA[]]>
              </value>
            </param>
            <param index="10">
              <value>
                <![CDATA[2]]>
              </value>
            </param>
            <param index="11">
              <value>
                <![CDATA[]]>
              </value>
            </param>
            <param index="12">
              <value>
                <![CDATA[]]>
              </value>
            </param>
            <param index="13">
              <value>
                <![CDATA[]]>
              </value>
            </param>
            <param index="14">
              <value>
                <![CDATA[]]>
              </value>
            </param>
            <param index="15">
              <value>
                <![CDATA[57]]>
              </value>
            </param>
            <param index="16">
              <value>
                <![CDATA[TRUE]]>
              </value>
            </param>
            <param index="17">
              <value>
                <![CDATA[100]]>
              </value>
            </param>
            <param index="18">
              <value>
                <![CDATA[]]>
              </value>
            </param>
            <param index="19">
              <value>
                <![CDATA[]]>
              </value>
            </param>
            <param index="20">
              <value>
                <![CDATA[]]>
              </value>
            </param>
            <param index="21">
              <value>
                <![CDATA[]]>
              </value>
            </param>
            <param index="22">
              <value>
                <![CDATA[]]>
              </value>
            </param>
            <param index="23">
              <value>
                <![CDATA[TRUE]]>
              </value>
            </param>
            <param index="24">
              <value>
                <![CDATA[1]]>
              </value>
            </param>
          </params>
          <reporter-output>
          </reporter-output>
        </test-method> <!-- GetData -->
        <test-method signature="GetData(java.lang.String,java.lang.String,java.lang.String,java.lang.String,java.lang.String,java.lang.String,java.lang.String,java.lang.String,java.lang.String,java.lang.String,java.lang.String,java.lang.String,java.lang.String,java.lang.String,java.lang.String,java.lang.String,java.lang.String,java.lang.String,java.lang.String,java.lang.String,java.lang.String,java.lang.String,java.lang.String,java.lang.String,java.lang.String)[pri:4, instance:com.Sales.SalesOrderToSalesInvoiceTest@5f049ea1]" started-at="2025-10-24T12:15:58 IST" name="GetData" data-provider="Util1" finished-at="2025-10-24T12:15:58 IST" depends-on-methods="com.Sales.SalesOrderToSalesInvoiceTest.ERPLoginPage" duration-ms="2" status="PASS">
          <params>
            <param index="0">
              <value>
                <![CDATA[]]>
              </value>
            </param>
            <param index="1">
              <value>
                <![CDATA[]]>
              </value>
            </param>
            <param index="2">
              <value>
                <![CDATA[]]>
              </value>
            </param>
            <param index="3">
              <value>
                <![CDATA[]]>
              </value>
            </param>
            <param index="4">
              <value>
                <![CDATA[Product]]>
              </value>
            </param>
            <param index="5">
              <value>
                <![CDATA[P0152]]>
              </value>
            </param>
            <param index="6">
              <value>
                <![CDATA[Rose Petal Silk]]>
              </value>
            </param>
            <param index="7">
              <value>
                <![CDATA[1X1KG]]>
              </value>
            </param>
            <param index="8">
              <value>
                <![CDATA[1]]>
              </value>
            </param>
            <param index="9">
              <value>
                <![CDATA[]]>
              </value>
            </param>
            <param index="10">
              <value>
                <![CDATA[2]]>
              </value>
            </param>
            <param index="11">
              <value>
                <![CDATA[]]>
              </value>
            </param>
            <param index="12">
              <value>
                <![CDATA[]]>
              </value>
            </param>
            <param index="13">
              <value>
                <![CDATA[]]>
              </value>
            </param>
            <param index="14">
              <value>
                <![CDATA[]]>
              </value>
            </param>
            <param index="15">
              <value>
                <![CDATA[78]]>
              </value>
            </param>
            <param index="16">
              <value>
                <![CDATA[TRUE]]>
              </value>
            </param>
            <param index="17">
              <value>
                <![CDATA[100]]>
              </value>
            </param>
            <param index="18">
              <value>
                <![CDATA[]]>
              </value>
            </param>
            <param index="19">
              <value>
                <![CDATA[]]>
              </value>
            </param>
            <param index="20">
              <value>
                <![CDATA[]]>
              </value>
            </param>
            <param index="21">
              <value>
                <![CDATA[]]>
              </value>
            </param>
            <param index="22">
              <value>
                <![CDATA[]]>
              </value>
            </param>
            <param index="23">
              <value>
                <![CDATA[]]>
              </value>
            </param>
            <param index="24">
              <value>
                <![CDATA[]]>
              </value>
            </param>
          </params>
          <reporter-output>
          </reporter-output>
        </test-method> <!-- GetData -->
        <test-method signature="GetData(java.lang.String,java.lang.String,java.lang.String,java.lang.String,java.lang.String,java.lang.String,java.lang.String,java.lang.String,java.lang.String,java.lang.String,java.lang.String,java.lang.String,java.lang.String,java.lang.String,java.lang.String,java.lang.String,java.lang.String,java.lang.String,java.lang.String,java.lang.String,java.lang.String,java.lang.String,java.lang.String,java.lang.String,java.lang.String)[pri:4, instance:com.Sales.SalesOrderToSalesInvoiceTest@5f049ea1]" started-at="2025-10-24T12:15:58 IST" name="GetData" data-provider="Util1" finished-at="2025-10-24T12:15:58 IST" depends-on-methods="com.Sales.SalesOrderToSalesInvoiceTest.ERPLoginPage" duration-ms="1" status="PASS">
          <params>
            <param index="0">
              <value>
                <![CDATA[]]>
              </value>
            </param>
            <param index="1">
              <value>
                <![CDATA[]]>
              </value>
            </param>
            <param index="2">
              <value>
                <![CDATA[]]>
              </value>
            </param>
            <param index="3">
              <value>
                <![CDATA[]]>
              </value>
            </param>
            <param index="4">
              <value>
                <![CDATA[Product]]>
              </value>
            </param>
            <param index="5">
              <value>
                <![CDATA[P0153]]>
              </value>
            </param>
            <param index="6">
              <value>
                <![CDATA[Citrus Zest Refresh]]>
              </value>
            </param>
            <param index="7">
              <value>
                <![CDATA[1KG]]>
              </value>
            </param>
            <param index="8">
              <value>
                <![CDATA[1]]>
              </value>
            </param>
            <param index="9">
              <value>
                <![CDATA[1]]>
              </value>
            </param>
            <param index="10">
              <value>
                <![CDATA[2]]>
              </value>
            </param>
            <param index="11">
              <value>
                <![CDATA[]]>
              </value>
            </param>
            <param index="12">
              <value>
                <![CDATA[]]>
              </value>
            </param>
            <param index="13">
              <value>
                <![CDATA[]]>
              </value>
            </param>
            <param index="14">
              <value>
                <![CDATA[]]>
              </value>
            </param>
            <param index="15">
              <value>
                <![CDATA[46]]>
              </value>
            </param>
            <param index="16">
              <value>
                <![CDATA[TRUE]]>
              </value>
            </param>
            <param index="17">
              <value>
                <![CDATA[100]]>
              </value>
            </param>
            <param index="18">
              <value>
                <![CDATA[]]>
              </value>
            </param>
            <param index="19">
              <value>
                <![CDATA[]]>
              </value>
            </param>
            <param index="20">
              <value>
                <![CDATA[]]>
              </value>
            </param>
            <param index="21">
              <value>
                <![CDATA[]]>
              </value>
            </param>
            <param index="22">
              <value>
                <![CDATA[]]>
              </value>
            </param>
            <param index="23">
              <value>
                <![CDATA[]]>
              </value>
            </param>
            <param index="24">
              <value>
                <![CDATA[1]]>
              </value>
            </param>
          </params>
          <reporter-output>
          </reporter-output>
        </test-method> <!-- GetData -->
        <test-method signature="GetData(java.lang.String,java.lang.String,java.lang.String,java.lang.String,java.lang.String,java.lang.String,java.lang.String,java.lang.String,java.lang.String,java.lang.String,java.lang.String,java.lang.String,java.lang.String,java.lang.String,java.lang.String,java.lang.String,java.lang.String,java.lang.String,java.lang.String,java.lang.String,java.lang.String,java.lang.String,java.lang.String,java.lang.String,java.lang.String)[pri:4, instance:com.Sales.SalesOrderToSalesInvoiceTest@5f049ea1]" started-at="2025-10-24T12:15:58 IST" name="GetData" data-provider="Util1" finished-at="2025-10-24T12:15:58 IST" depends-on-methods="com.Sales.SalesOrderToSalesInvoiceTest.ERPLoginPage" duration-ms="2" status="PASS">
          <params>
            <param index="0">
              <value>
                <![CDATA[]]>
              </value>
            </param>
            <param index="1">
              <value>
                <![CDATA[]]>
              </value>
            </param>
            <param index="2">
              <value>
                <![CDATA[]]>
              </value>
            </param>
            <param index="3">
              <value>
                <![CDATA[]]>
              </value>
            </param>
            <param index="4">
              <value>
                <![CDATA[Product]]>
              </value>
            </param>
            <param index="5">
              <value>
                <![CDATA[P0154]]>
              </value>
            </param>
            <param index="6">
              <value>
                <![CDATA[Charcoal Detox Bar]]>
              </value>
            </param>
            <param index="7">
              <value>
                <![CDATA[5X1GM]]>
              </value>
            </param>
            <param index="8">
              <value>
                <![CDATA[1]]>
              </value>
            </param>
            <param index="9">
              <value>
                <![CDATA[1]]>
              </value>
            </param>
            <param index="10">
              <value>
                <![CDATA[2]]>
              </value>
            </param>
            <param index="11">
              <value>
                <![CDATA[]]>
              </value>
            </param>
            <param index="12">
              <value>
                <![CDATA[]]>
              </value>
            </param>
            <param index="13">
              <value>
                <![CDATA[]]>
              </value>
            </param>
            <param index="14">
              <value>
                <![CDATA[]]>
              </value>
            </param>
            <param index="15">
              <value>
                <![CDATA[67]]>
              </value>
            </param>
            <param index="16">
              <value>
                <![CDATA[TRUE]]>
              </value>
            </param>
            <param index="17">
              <value>
                <![CDATA[100]]>
              </value>
            </param>
            <param index="18">
              <value>
                <![CDATA[]]>
              </value>
            </param>
            <param index="19">
              <value>
                <![CDATA[]]>
              </value>
            </param>
            <param index="20">
              <value>
                <![CDATA[]]>
              </value>
            </param>
            <param index="21">
              <value>
                <![CDATA[]]>
              </value>
            </param>
            <param index="22">
              <value>
                <![CDATA[]]>
              </value>
            </param>
            <param index="23">
              <value>
                <![CDATA[]]>
              </value>
            </param>
            <param index="24">
              <value>
                <![CDATA[]]>
              </value>
            </param>
          </params>
          <reporter-output>
          </reporter-output>
        </test-method> <!-- GetData -->
        <test-method signature="GetData(java.lang.String,java.lang.String,java.lang.String,java.lang.String,java.lang.String,java.lang.String,java.lang.String,java.lang.String,java.lang.String,java.lang.String,java.lang.String,java.lang.String,java.lang.String,java.lang.String,java.lang.String,java.lang.String,java.lang.String,java.lang.String,java.lang.String,java.lang.String,java.lang.String,java.lang.String,java.lang.String,java.lang.String,java.lang.String)[pri:4, instance:com.Sales.SalesOrderToSalesInvoiceTest@5f049ea1]" started-at="2025-10-24T12:15:58 IST" name="GetData" data-provider="Util1" finished-at="2025-10-24T12:15:58 IST" depends-on-methods="com.Sales.SalesOrderToSalesInvoiceTest.ERPLoginPage" duration-ms="1" status="PASS">
          <params>
            <param index="0">
              <value>
                <![CDATA[]]>
              </value>
            </param>
            <param index="1">
              <value>
                <![CDATA[]]>
              </value>
            </param>
            <param index="2">
              <value>
                <![CDATA[]]>
              </value>
            </param>
            <param index="3">
              <value>
                <![CDATA[]]>
              </value>
            </param>
            <param index="4">
              <value>
                <![CDATA[Product]]>
              </value>
            </param>
            <param index="5">
              <value>
                <![CDATA[P0155]]>
              </value>
            </param>
            <param index="6">
              <value>
                <![CDATA[AloeVeraPureTouch]]>
              </value>
            </param>
            <param index="7">
              <value>
                <![CDATA[2X1GM]]>
              </value>
            </param>
            <param index="8">
              <value>
                <![CDATA[1]]>
              </value>
            </param>
            <param index="9">
              <value>
                <![CDATA[]]>
              </value>
            </param>
            <param index="10">
              <value>
                <![CDATA[2]]>
              </value>
            </param>
            <param index="11">
              <value>
                <![CDATA[]]>
              </value>
            </param>
            <param index="12">
              <value>
                <![CDATA[]]>
              </value>
            </param>
            <param index="13">
              <value>
                <![CDATA[]]>
              </value>
            </param>
            <param index="14">
              <value>
                <![CDATA[]]>
              </value>
            </param>
            <param index="15">
              <value>
                <![CDATA[98]]>
              </value>
            </param>
            <param index="16">
              <value>
                <![CDATA[TRUE]]>
              </value>
            </param>
            <param index="17">
              <value>
                <![CDATA[100]]>
              </value>
            </param>
            <param index="18">
              <value>
                <![CDATA[]]>
              </value>
            </param>
            <param index="19">
              <value>
                <![CDATA[]]>
              </value>
            </param>
            <param index="20">
              <value>
                <![CDATA[]]>
              </value>
            </param>
            <param index="21">
              <value>
                <![CDATA[]]>
              </value>
            </param>
            <param index="22">
              <value>
                <![CDATA[]]>
              </value>
            </param>
            <param index="23">
              <value>
                <![CDATA[]]>
              </value>
            </param>
            <param index="24">
              <value>
                <![CDATA[]]>
              </value>
            </param>
          </params>
          <reporter-output>
          </reporter-output>
        </test-method> <!-- GetData -->
        <test-method signature="GetData(java.lang.String,java.lang.String,java.lang.String,java.lang.String,java.lang.String,java.lang.String,java.lang.String,java.lang.String,java.lang.String,java.lang.String,java.lang.String,java.lang.String,java.lang.String,java.lang.String,java.lang.String,java.lang.String,java.lang.String,java.lang.String,java.lang.String,java.lang.String,java.lang.String,java.lang.String,java.lang.String,java.lang.String,java.lang.String)[pri:4, instance:com.Sales.SalesOrderToSalesInvoiceTest@5f049ea1]" started-at="2025-10-24T12:15:58 IST" name="GetData" data-provider="Util1" finished-at="2025-10-24T12:15:58 IST" depends-on-methods="com.Sales.SalesOrderToSalesInvoiceTest.ERPLoginPage" duration-ms="1" status="PASS">
          <params>
            <param index="0">
              <value>
                <![CDATA[]]>
              </value>
            </param>
            <param index="1">
              <value>
                <![CDATA[]]>
              </value>
            </param>
            <param index="2">
              <value>
                <![CDATA[]]>
              </value>
            </param>
            <param index="3">
              <value>
                <![CDATA[]]>
              </value>
            </param>
            <param index="4">
              <value>
                <![CDATA[Product]]>
              </value>
            </param>
            <param index="5">
              <value>
                <![CDATA[P0156]]>
              </value>
            </param>
            <param index="6">
              <value>
                <![CDATA[SandalwoodBliss]]>
              </value>
            </param>
            <param index="7">
              <value>
                <![CDATA[Packet]]>
              </value>
            </param>
            <param index="8">
              <value>
                <![CDATA[1]]>
              </value>
            </param>
            <param index="9">
              <value>
                <![CDATA[]]>
              </value>
            </param>
            <param index="10">
              <value>
                <![CDATA[2]]>
              </value>
            </param>
            <param index="11">
              <value>
                <![CDATA[]]>
              </value>
            </param>
            <param index="12">
              <value>
                <![CDATA[]]>
              </value>
            </param>
            <param index="13">
              <value>
                <![CDATA[]]>
              </value>
            </param>
            <param index="14">
              <value>
                <![CDATA[]]>
              </value>
            </param>
            <param index="15">
              <value>
                <![CDATA[100]]>
              </value>
            </param>
            <param index="16">
              <value>
                <![CDATA[TRUE]]>
              </value>
            </param>
            <param index="17">
              <value>
                <![CDATA[100]]>
              </value>
            </param>
            <param index="18">
              <value>
                <![CDATA[]]>
              </value>
            </param>
            <param index="19">
              <value>
                <![CDATA[]]>
              </value>
            </param>
            <param index="20">
              <value>
                <![CDATA[]]>
              </value>
            </param>
            <param index="21">
              <value>
                <![CDATA[]]>
              </value>
            </param>
            <param index="22">
              <value>
                <![CDATA[TRUE]]>
              </value>
            </param>
            <param index="23">
              <value>
                <![CDATA[]]>
              </value>
            </param>
            <param index="24">
              <value>
                <![CDATA[1]]>
              </value>
            </param>
          </params>
          <reporter-output>
          </reporter-output>
        </test-method> <!-- GetData -->
        <test-method signature="ProductUOMData()[pri:5, instance:com.Sales.SalesOrderToSalesInvoiceTest@5f049ea1]" started-at="2025-10-24T12:15:58 IST" name="ProductUOMData" finished-at="2025-10-24T12:15:58 IST" depends-on-methods="com.Sales.SalesOrderToSalesInvoiceTest.ERPLoginPage" duration-ms="2" status="PASS">
          <reporter-output>
          </reporter-output>
        </test-method> <!-- ProductUOMData -->
        <test-method signature="SystemSettings()[pri:6, instance:com.Sales.SalesOrderToSalesInvoiceTest@5f049ea1]" started-at="2025-10-24T12:15:58 IST" name="SystemSettings" finished-at="2025-10-24T12:18:05 IST" depends-on-methods="com.Sales.SalesOrderToSalesInvoiceTest.ERPLoginPage" duration-ms="126693" status="PASS">
          <reporter-output>
          </reporter-output>
        </test-method> <!-- SystemSettings -->
        <test-method signature="ProductPage()[pri:8, instance:com.Sales.SalesOrderToSalesInvoiceTest@5f049ea1]" started-at="2025-10-24T12:18:05 IST" name="ProductPage" finished-at="2025-10-24T12:23:53 IST" depends-on-methods="com.Sales.SalesOrderToSalesInvoiceTest.ERPLoginPage" duration-ms="348329" status="PASS">
          <reporter-output>
          </reporter-output>
        </test-method> <!-- ProductPage -->
        <test-method signature="UomPage()[pri:12, instance:com.Sales.SalesOrderToSalesInvoiceTest@5f049ea1]" started-at="2025-10-24T12:23:53 IST" name="UomPage" finished-at="2025-10-24T12:24:25 IST" depends-on-methods="com.Sales.SalesOrderToSalesInvoiceTest.ERPLoginPage" duration-ms="31841" status="PASS">
          <reporter-output>
          </reporter-output>
        </test-method> <!-- UomPage -->
        <test-method signature="SalesToInvoice()[pri:14, instance:com.Sales.SalesOrderToSalesInvoiceTest@5f049ea1]" started-at="2025-10-24T12:24:25 IST" name="SalesToInvoice" finished-at="2025-10-24T12:27:04 IST" depends-on-methods="com.Sales.SalesOrderToSalesInvoiceTest.ERPLoginPage" duration-ms="159046" status="PASS">
          <reporter-output>
          </reporter-output>
        </test-method> <!-- SalesToInvoice -->
        <test-method signature="QtyCalculation()[pri:16, instance:com.Sales.SalesOrderToSalesInvoiceTest@5f049ea1]" started-at="2025-10-24T12:27:04 IST" name="QtyCalculation" finished-at="2025-10-24T12:27:04 IST" depends-on-methods="com.Sales.SalesOrderToSalesInvoiceTest.ERPLoginPage" duration-ms="5" status="PASS">
          <reporter-output>
          </reporter-output>
        </test-method> <!-- QtyCalculation -->
        <test-method signature="QtyCalculation1()[pri:18, instance:com.Sales.SalesOrderToSalesInvoiceTest@5f049ea1]" started-at="2025-10-24T12:27:04 IST" name="QtyCalculation1" finished-at="2025-10-24T12:27:04 IST" depends-on-methods="com.Sales.SalesOrderToSalesInvoiceTest.ERPLoginPage" duration-ms="1" status="PASS">
          <reporter-output>
          </reporter-output>
        </test-method> <!-- QtyCalculation1 -->
        <test-method signature="ExpectedProduct()[pri:20, instance:com.Sales.SalesOrderToSalesInvoiceTest@5f049ea1]" started-at="2025-10-24T12:27:04 IST" name="ExpectedProduct" finished-at="2025-10-24T12:29:14 IST" depends-on-methods="com.Sales.SalesOrderToSalesInvoiceTest.ERPLoginPage" duration-ms="130166" status="PASS">
          <reporter-output>
          </reporter-output>
        </test-method> <!-- ExpectedProduct -->
        <test-method signature="ProductMovementPage()[pri:22, instance:com.Sales.SalesOrderToSalesInvoiceTest@5f049ea1]" started-at="2025-10-24T12:29:14 IST" name="ProductMovementPage" finished-at="2025-10-24T12:30:26 IST" depends-on-methods="com.Sales.SalesOrderToSalesInvoiceTest.ERPLoginPage" duration-ms="71366" status="PASS">
          <reporter-output>
          </reporter-output>
        </test-method> <!-- ProductMovementPage -->
        <test-method signature="Exception()[pri:30, instance:com.Sales.SalesOrderToSalesInvoiceTest@5f049ea1]" started-at="2025-10-24T12:30:26 IST" name="Exception" finished-at="2025-10-24T12:30:26 IST" depends-on-methods="com.Sales.SalesOrderToSalesInvoiceTest.ERPLoginPage" duration-ms="1" status="PASS">
          <reporter-output>
          </reporter-output>
        </test-method> <!-- Exception -->
      </class> <!-- com.Sales.SalesOrderToSalesInvoiceTest -->
    </test> <!-- Test -->
  </suite> <!-- Suite -->
</testng-results>
