<?xml version="1.0" encoding="UTF-8"?>
<!-- Generated by org.testng.reporters.JUnitReportReporter -->
<testsuite hostname="DESKTOP-7QA4B29" failures="0" tests="18" name="com.Purchase.PurchaseReturnVoidTest" time="527.049" errors="0" timestamp="2025-10-29T16:54:01 IST" skipped="1">
  <testcase classname="com.Purchase.PurchaseReturnVoidTest" name="ERPLoginPage" time="8.877"/>
  <system-out/>
  <testcase classname="com.Purchase.PurchaseReturnVoidTest" name="GetData" time="0.002"/>
  <system-out/>
  <testcase classname="com.Purchase.PurchaseReturnVoidTest" name="GetData" time="0.003"/>
  <system-out/>
  <testcase classname="com.Purchase.PurchaseReturnVoidTest" name="GetData" time="0.002"/>
  <system-out/>
  <testcase classname="com.Purchase.PurchaseReturnVoidTest" name="ProductUomData" time="0.008"/>
  <system-out/>
  <testcase classname="com.Purchase.PurchaseReturnVoidTest" name="SystemSettingsPage" time="120.432"/>
  <system-out/>
  <testcase classname="com.Purchase.PurchaseReturnVoidTest" name="ProductPage" time="120.570"/>
  <system-out/>
  <testcase classname="com.Purchase.PurchaseReturnVoidTest" name="VendorPage" time="22.064"/>
  <system-out/>
  <testcase classname="com.Purchase.PurchaseReturnVoidTest" name="UomPage" time="26.406"/>
  <system-out/>
  <testcase classname="com.Purchase.PurchaseReturnVoidTest" name="PurchaseReturn" time="95.273"/>
  <system-out/>
  <testcase classname="com.Purchase.PurchaseReturnVoidTest" name="ReturnStockProductPage" time="51.563"/>
  <system-out/>
  <testcase classname="com.Purchase.PurchaseReturnVoidTest" name="PurchaseReturnVoid" time="2.207"/>
  <system-out/>
  <testcase classname="com.Purchase.PurchaseReturnVoidTest" name="QtyCalculation" time="0.005"/>
  <system-out/>
  <testcase classname="com.Purchase.PurchaseReturnVoidTest" name="QtyCalculation1" time="0.002"/>
  <system-out/>
  <testcase classname="com.Purchase.PurchaseReturnVoidTest" name="ExpectedProduct" time="48.803"/>
  <system-out/>
  <testcase classname="com.Purchase.PurchaseReturnVoidTest" name="ProductMovementPage" time="30.831"/>
  <system-out/>
  <testcase classname="com.Purchase.PurchaseReturnVoidTest" name="Exception" time="0.001"/>
  <system-out/>
  <testcase classname="com.Purchase.PurchaseReturnVoidTest" name="quit">
    <skipped/>
  </testcase> <!-- quit -->
  <system-out/>
</testsuite> <!-- com.Purchase.PurchaseReturnVoidTest -->
