<?xml version="1.0" encoding="UTF-8"?>
<!-- Generated by org.testng.reporters.JUnitReportReporter -->
<testsuite hostname="DESKTOP-7QA4B29" failures="0" tests="16" name="com.Purchase.PurchaseInvoiceVoidTest" time="471.641" errors="0" timestamp="2025-10-27T17:25:57 IST" skipped="1">
  <testcase classname="com.Purchase.PurchaseInvoiceVoidTest" name="ERPLoginPage" time="10.542"/>
  <system-out/>
  <testcase classname="com.Purchase.PurchaseInvoiceVoidTest" name="GetData" time="0.017"/>
  <system-out/>
  <testcase classname="com.Purchase.PurchaseInvoiceVoidTest" name="GetData" time="0.002"/>
  <system-out/>
  <testcase classname="com.Purchase.PurchaseInvoiceVoidTest" name="GetData" time="0.006"/>
  <system-out/>
  <testcase classname="com.Purchase.PurchaseInvoiceVoidTest" name="ProductUomData" time="0.014"/>
  <system-out/>
  <testcase classname="com.Purchase.PurchaseInvoiceVoidTest" name="SystemSettingsPage" time="120.589"/>
  <system-out/>
  <testcase classname="com.Purchase.PurchaseInvoiceVoidTest" name="ProductPage" time="119.111"/>
  <system-out/>
  <testcase classname="com.Purchase.PurchaseInvoiceVoidTest" name="VendorPage" time="20.913"/>
  <system-out/>
  <testcase classname="com.Purchase.PurchaseInvoiceVoidTest" name="UomPage" time="19.433"/>
  <system-out/>
  <testcase classname="com.Purchase.PurchaseInvoiceVoidTest" name="PurchaseInvoicetoVoid" time="94.964"/>
  <system-out/>
  <testcase classname="com.Purchase.PurchaseInvoiceVoidTest" name="QtyCalculation" time="0.010"/>
  <system-out/>
  <testcase classname="com.Purchase.PurchaseInvoiceVoidTest" name="QtyCalculation1" time="0.003"/>
  <system-out/>
  <testcase classname="com.Purchase.PurchaseInvoiceVoidTest" name="ExpectedProduct" time="57.811"/>
  <system-out/>
  <testcase classname="com.Purchase.PurchaseInvoiceVoidTest" name="ProductMovementPage" time="28.225"/>
  <system-out/>
  <testcase classname="com.Purchase.PurchaseInvoiceVoidTest" name="Exception" time="0.001"/>
  <system-out/>
  <testcase classname="com.Purchase.PurchaseInvoiceVoidTest" name="quit">
    <skipped/>
  </testcase> <!-- quit -->
  <system-out/>
</testsuite> <!-- com.Purchase.PurchaseInvoiceVoidTest -->
