<?xml version="1.0" encoding="UTF-8"?>
<!-- Generated by org.testng.reporters.JUnitReportReporter -->
<testsuite hostname="DESKTOP-7QA4B29" failures="0" tests="17" name="com.Purchase.PurchaseReturnVoidTest" time="502.451" errors="0" timestamp="2025-11-04T17:16:03 IST" skipped="1">
  <testcase classname="com.Purchase.PurchaseReturnVoidTest" name="ERPLoginPage" time="8.301"/>
  <system-out/>
  <testcase classname="com.Purchase.PurchaseReturnVoidTest" name="GetData" time="0.001"/>
  <system-out/>
  <testcase classname="com.Purchase.PurchaseReturnVoidTest" name="GetData" time="0.003"/>
  <system-out/>
  <testcase classname="com.Purchase.PurchaseReturnVoidTest" name="GetData" time="0.002"/>
  <system-out/>
  <testcase classname="com.Purchase.PurchaseReturnVoidTest" name="ProductUomData" time="0.002"/>
  <system-out/>
  <testcase classname="com.Purchase.PurchaseReturnVoidTest" name="SystemSettingsPage" time="114.708"/>
  <system-out/>
  <testcase classname="com.Purchase.PurchaseReturnVoidTest" name="ProductPage" time="117.107"/>
  <system-out/>
  <testcase classname="com.Purchase.PurchaseReturnVoidTest" name="VendorPage" time="19.824"/>
  <system-out/>
  <testcase classname="com.Purchase.PurchaseReturnVoidTest" name="UomPage" time="25.486"/>
  <system-out/>
  <testcase classname="com.Purchase.PurchaseReturnVoidTest" name="PurchaseReturn" time="91.627"/>
  <system-out/>
  <testcase classname="com.Purchase.PurchaseReturnVoidTest" name="ReturnStockProductPage" time="48.558"/>
  <system-out/>
  <testcase classname="com.Purchase.PurchaseReturnVoidTest" name="PurchaseReturnVoid" time="2.346"/>
  <system-out/>
  <testcase classname="com.Purchase.PurchaseReturnVoidTest" name="StockCalculation" time="0.005"/>
  <system-out/>
  <testcase classname="com.Purchase.PurchaseReturnVoidTest" name="ExpectedProduct" time="47.348"/>
  <system-out/>
  <testcase classname="com.Purchase.PurchaseReturnVoidTest" name="ProductMovementPage" time="27.132"/>
  <system-out/>
  <testcase classname="com.Purchase.PurchaseReturnVoidTest" name="Exception" time="0.001"/>
  <system-out/>
  <testcase classname="com.Purchase.PurchaseReturnVoidTest" name="quit">
    <skipped/>
  </testcase> <!-- quit -->
  <system-out/>
</testsuite> <!-- com.Purchase.PurchaseReturnVoidTest -->
