<?xml version="1.0" encoding="UTF-8"?>
<!-- Generated by org.testng.reporters.JUnitReportReporter -->
<testsuite hostname="DESKTOP-7QA4B29" failures="0" tests="16" name="com.Sales.CreditNotesVoidTest" time="740.351" errors="0" timestamp="2026-01-23T10:11:47 IST" skipped="0">
  <testcase classname="com.Sales.CreditNotesVoidTest" name="ERPLoginPage" time="11.818"/>
  <system-out/>
  <testcase classname="com.Sales.CreditNotesVoidTest" name="GetData" time="0.004"/>
  <system-out/>
  <testcase classname="com.Sales.CreditNotesVoidTest" name="GetData" time="0.003"/>
  <system-out/>
  <testcase classname="com.Sales.CreditNotesVoidTest" name="GetData" time="0.007"/>
  <system-out/>
  <testcase classname="com.Sales.CreditNotesVoidTest" name="GetData" time="0.002"/>
  <system-out/>
  <testcase classname="com.Sales.CreditNotesVoidTest" name="GetData" time="0.012"/>
  <system-out/>
  <testcase classname="com.Sales.CreditNotesVoidTest" name="GetData" time="0.010"/>
  <system-out/>
  <testcase classname="com.Sales.CreditNotesVoidTest" name="SystemSettings" time="126.665"/>
  <system-out/>
  <testcase classname="com.Sales.CreditNotesVoidTest" name="ProductPage" time="202.436"/>
  <system-out/>
  <testcase classname="com.Sales.CreditNotesVoidTest" name="UomPage" time="32.964"/>
  <system-out/>
  <testcase classname="com.Sales.CreditNotesVoidTest" name="DirecteCreditNote" time="233.457"/>
  <system-out/>
  <testcase classname="com.Sales.CreditNotesVoidTest" name="StockCalculation" time="0.003"/>
  <system-out/>
  <testcase classname="com.Sales.CreditNotesVoidTest" name="ExpectedProduct" time="82.863"/>
  <system-out/>
  <testcase classname="com.Sales.CreditNotesVoidTest" name="ProductMovementPage" time="49.688"/>
  <system-out/>
  <testcase classname="com.Sales.CreditNotesVoidTest" name="Exception" time="0.001"/>
  <system-out/>
  <testcase classname="com.Sales.CreditNotesVoidTest" name="quit" time="0.418"/>
  <system-out/>
</testsuite> <!-- com.Sales.CreditNotesVoidTest -->
