<?xml version="1.0" encoding="UTF-8"?>
<!-- Generated by org.testng.reporters.JUnitReportReporter -->
<testsuite hostname="DESKTOP-7QA4B29" failures="0" tests="23" name="com.Purchase.PurchaseOrderTest" time="1022.060" errors="0" timestamp="2025-10-29T10:36:46 IST" skipped="1">
  <testcase classname="com.Purchase.PurchaseOrderTest" name="ERPLoginPage" time="9.602"/>
  <system-out/>
  <testcase classname="com.Purchase.PurchaseOrderTest" name="GetData" time="0.002"/>
  <system-out/>
  <testcase classname="com.Purchase.PurchaseOrderTest" name="GetData" time="0.008"/>
  <system-out/>
  <testcase classname="com.Purchase.PurchaseOrderTest" name="GetData" time="0.001"/>
  <system-out/>
  <testcase classname="com.Purchase.PurchaseOrderTest" name="GetData" time="0.004"/>
  <system-out/>
  <testcase classname="com.Purchase.PurchaseOrderTest" name="GetData" time="0.002"/>
  <system-out/>
  <testcase classname="com.Purchase.PurchaseOrderTest" name="GetData" time="0.002"/>
  <system-out/>
  <testcase classname="com.Purchase.PurchaseOrderTest" name="GetData" time="0.001"/>
  <system-out/>
  <testcase classname="com.Purchase.PurchaseOrderTest" name="GetData" time="0.006"/>
  <system-out/>
  <testcase classname="com.Purchase.PurchaseOrderTest" name="GetData" time="0.021"/>
  <system-out/>
  <testcase classname="com.Purchase.PurchaseOrderTest" name="GetData" time="0.007"/>
  <system-out/>
  <testcase classname="com.Purchase.PurchaseOrderTest" name="ProductUomData" time="0.020"/>
  <system-out/>
  <testcase classname="com.Purchase.PurchaseOrderTest" name="SystemSettingsPage" time="114.102"/>
  <system-out/>
  <testcase classname="com.Purchase.PurchaseOrderTest" name="ProductPage" time="349.806"/>
  <system-out/>
  <testcase classname="com.Purchase.PurchaseOrderTest" name="VendorPage" time="21.151"/>
  <system-out/>
  <testcase classname="com.Purchase.PurchaseOrderTest" name="UomPage" time="25.520"/>
  <system-out/>
  <testcase classname="com.Purchase.PurchaseOrderTest" name="PurchaseOrderToInvoice" time="288.827"/>
  <system-out/>
  <testcase classname="com.Purchase.PurchaseOrderTest" name="QtyCalculation" time="0.012"/>
  <system-out/>
  <testcase classname="com.Purchase.PurchaseOrderTest" name="QtyCalculation1" time="0.005"/>
  <system-out/>
  <testcase classname="com.Purchase.PurchaseOrderTest" name="ExpectedProduct" time="130.763"/>
  <system-out/>
  <testcase classname="com.Purchase.PurchaseOrderTest" name="ProductMovementPage" time="82.197"/>
  <system-out/>
  <testcase classname="com.Purchase.PurchaseOrderTest" name="Exception" time="0.001"/>
  <system-out/>
  <testcase classname="com.Purchase.PurchaseOrderTest" name="quit">
    <skipped/>
  </testcase> <!-- quit -->
  <system-out/>
</testsuite> <!-- com.Purchase.PurchaseOrderTest -->
