<?xml version="1.0" encoding="UTF-8"?>
<!-- Generated by org.testng.reporters.JUnitReportReporter -->
<testsuite hostname="DESKTOP-7QA4B29" failures="0" tests="8" name="com.Purchase.PurchaseGRNTest" time="276.836" errors="0" timestamp="2026-01-08T13:04:11 IST" skipped="0">
  <testcase classname="com.Purchase.PurchaseGRNTest" name="ERPLoginPage" time="18.401"/>
  <system-out/>
  <testcase classname="com.Purchase.PurchaseGRNTest" name="GetData" time="0.003"/>
  <system-out/>
  <testcase classname="com.Purchase.PurchaseGRNTest" name="SystemSettingsPage" time="127.790"/>
  <system-out/>
  <testcase classname="com.Purchase.PurchaseGRNTest" name="ProductPage" time="29.059"/>
  <system-out/>
  <testcase classname="com.Purchase.PurchaseGRNTest" name="VendorPage" time="13.289"/>
  <system-out/>
  <testcase classname="com.Purchase.PurchaseGRNTest" name="UomPage" time="13.003"/>
  <system-out/>
  <testcase classname="com.Purchase.PurchaseGRNTest" name="PurchaseOrderToInvoice" time="24.920"/>
  <system-out/>
  <testcase classname="com.Purchase.PurchaseGRNTest" name="GoodReceivingNote" time="50.371"/>
  <system-out/>
</testsuite> <!-- com.Purchase.PurchaseGRNTest -->
