<?xml version="1.0" encoding="UTF-8"?>
<!-- Generated by org.testng.reporters.JUnitReportReporter -->
<testsuite hostname="DESKTOP-7QA4B29" failures="0" tests="17" name="com.Purchase.BCRSPurchaseInvoiceTest" time="707.832" errors="0" timestamp="2026-04-13T12:44:41 IST" skipped="1">
  <testcase classname="com.Purchase.BCRSPurchaseInvoiceTest" name="ERPLoginPage" time="15.294"/>
  <system-out/>
  <testcase classname="com.Purchase.BCRSPurchaseInvoiceTest" name="GetData" time="0.002"/>
  <system-out/>
  <testcase classname="com.Purchase.BCRSPurchaseInvoiceTest" name="GetData" time="0.006"/>
  <system-out/>
  <testcase classname="com.Purchase.BCRSPurchaseInvoiceTest" name="GetData" time="0.007"/>
  <system-out/>
  <testcase classname="com.Purchase.BCRSPurchaseInvoiceTest" name="GetData" time="0.002"/>
  <system-out/>
  <testcase classname="com.Purchase.BCRSPurchaseInvoiceTest" name="GetData" time="0.010"/>
  <system-out/>
  <testcase classname="com.Purchase.BCRSPurchaseInvoiceTest" name="GetData" time="0.002"/>
  <system-out/>
  <testcase classname="com.Purchase.BCRSPurchaseInvoiceTest" name="SystemSettingsPage" time="135.169"/>
  <system-out/>
  <testcase classname="com.Purchase.BCRSPurchaseInvoiceTest" name="ProductPage" time="234.735"/>
  <system-out/>
  <testcase classname="com.Purchase.BCRSPurchaseInvoiceTest" name="VendorPage" time="20.665"/>
  <system-out/>
  <testcase classname="com.Purchase.BCRSPurchaseInvoiceTest" name="UomPage" time="33.662"/>
  <system-out/>
  <testcase classname="com.Purchase.BCRSPurchaseInvoiceTest" name="PurchaseInvoice" time="137.432"/>
  <system-out/>
  <testcase classname="com.Purchase.BCRSPurchaseInvoiceTest" name="StockCalculation" time="0.002"/>
  <system-out/>
  <testcase classname="com.Purchase.BCRSPurchaseInvoiceTest" name="ExpectedProduct" time="84.863"/>
  <system-out/>
  <testcase classname="com.Purchase.BCRSPurchaseInvoiceTest" name="ProductMovementPage" time="45.980"/>
  <system-out/>
  <testcase classname="com.Purchase.BCRSPurchaseInvoiceTest" name="Exception" time="0.001"/>
  <system-out/>
  <testcase classname="com.Purchase.BCRSPurchaseInvoiceTest" name="quit">
    <skipped/>
  </testcase> <!-- quit -->
  <system-out/>
</testsuite> <!-- com.Purchase.BCRSPurchaseInvoiceTest -->
