<?xml version="1.0" encoding="UTF-8"?>
<!-- Generated by org.testng.reporters.JUnitReportReporter -->
<testsuite hostname="DESKTOP-7QA4B29" failures="0" tests="19" name="com.Demo.DemoSiteCreditNoteTest" time="976.039" errors="0" timestamp="2026-03-12T17:44:40 IST" skipped="1">
  <testcase classname="com.Demo.DemoSiteCreditNoteTest" name="ERPLoginPage" time="15.213"/>
  <system-out/>
  <testcase classname="com.Demo.DemoSiteCreditNoteTest" name="GetData" time="0.002"/>
  <system-out/>
  <testcase classname="com.Demo.DemoSiteCreditNoteTest" name="GetData" time="0.003"/>
  <system-out/>
  <testcase classname="com.Demo.DemoSiteCreditNoteTest" name="GetData" time="0.001"/>
  <system-out/>
  <testcase classname="com.Demo.DemoSiteCreditNoteTest" name="GetData" time="0.002"/>
  <system-out/>
  <testcase classname="com.Demo.DemoSiteCreditNoteTest" name="GetData" time="0.004"/>
  <system-out/>
  <testcase classname="com.Demo.DemoSiteCreditNoteTest" name="GetData" time="0.002"/>
  <system-out/>
  <testcase classname="com.Demo.DemoSiteCreditNoteTest" name="GetData" time="0.001"/>
  <system-out/>
  <testcase classname="com.Demo.DemoSiteCreditNoteTest" name="GetData" time="0.003"/>
  <system-out/>
  <testcase classname="com.Demo.DemoSiteCreditNoteTest" name="GetData" time="0.001"/>
  <system-out/>
  <testcase classname="com.Demo.DemoSiteCreditNoteTest" name="SystemSettings" time="126.309"/>
  <system-out/>
  <testcase classname="com.Demo.DemoSiteCreditNoteTest" name="ProductPage" time="362.281"/>
  <system-out/>
  <testcase classname="com.Demo.DemoSiteCreditNoteTest" name="UomPage" time="27.841"/>
  <system-out/>
  <testcase classname="com.Demo.DemoSiteCreditNoteTest" name="DirecteCreditNote" time="250.978"/>
  <system-out/>
  <testcase classname="com.Demo.DemoSiteCreditNoteTest" name="StockCalculation" time="0.003"/>
  <system-out/>
  <testcase classname="com.Demo.DemoSiteCreditNoteTest" name="ExpectedProduct" time="127.826"/>
  <system-out/>
  <testcase classname="com.Demo.DemoSiteCreditNoteTest" name="ProductMovementPage" time="65.569"/>
  <system-out/>
  <testcase classname="com.Demo.DemoSiteCreditNoteTest" name="Exception" time="0.000"/>
  <system-out/>
  <testcase classname="com.Demo.DemoSiteCreditNoteTest" name="quit">
    <skipped/>
  </testcase> <!-- quit -->
  <system-out/>
</testsuite> <!-- com.Demo.DemoSiteCreditNoteTest -->
