<?xml version="1.0" encoding="UTF-8"?>
<!-- Generated by org.testng.reporters.JUnitReportReporter -->
<testsuite hostname="DESKTOP-7QA4B29" failures="0" tests="30" name="com.Demo.DemoSitePurchaseReturnTest" time="1799.078" errors="0" timestamp="2026-03-12T16:20:49 IST" skipped="1">
  <testcase classname="com.Demo.DemoSitePurchaseReturnTest" name="ERPLoginPage" time="8.345"/>
  <system-out/>
  <testcase classname="com.Demo.DemoSitePurchaseReturnTest" name="GetData" time="0.013"/>
  <system-out/>
  <testcase classname="com.Demo.DemoSitePurchaseReturnTest" name="GetData" time="0.002"/>
  <system-out/>
  <testcase classname="com.Demo.DemoSitePurchaseReturnTest" name="GetData" time="0.004"/>
  <system-out/>
  <testcase classname="com.Demo.DemoSitePurchaseReturnTest" name="GetData" time="0.002"/>
  <system-out/>
  <testcase classname="com.Demo.DemoSitePurchaseReturnTest" name="GetData" time="0.002"/>
  <system-out/>
  <testcase classname="com.Demo.DemoSitePurchaseReturnTest" name="GetData" time="0.001"/>
  <system-out/>
  <testcase classname="com.Demo.DemoSitePurchaseReturnTest" name="GetData" time="0.004"/>
  <system-out/>
  <testcase classname="com.Demo.DemoSitePurchaseReturnTest" name="GetData" time="0.003"/>
  <system-out/>
  <testcase classname="com.Demo.DemoSitePurchaseReturnTest" name="GetData" time="0.001"/>
  <system-out/>
  <testcase classname="com.Demo.DemoSitePurchaseReturnTest" name="GetData" time="0.005"/>
  <system-out/>
  <testcase classname="com.Demo.DemoSitePurchaseReturnTest" name="GetData" time="0.002"/>
  <system-out/>
  <testcase classname="com.Demo.DemoSitePurchaseReturnTest" name="GetData" time="0.002"/>
  <system-out/>
  <testcase classname="com.Demo.DemoSitePurchaseReturnTest" name="GetData" time="0.002"/>
  <system-out/>
  <testcase classname="com.Demo.DemoSitePurchaseReturnTest" name="GetData" time="0.002"/>
  <system-out/>
  <testcase classname="com.Demo.DemoSitePurchaseReturnTest" name="GetData" time="0.003"/>
  <system-out/>
  <testcase classname="com.Demo.DemoSitePurchaseReturnTest" name="GetData" time="0.001"/>
  <system-out/>
  <testcase classname="com.Demo.DemoSitePurchaseReturnTest" name="GetData" time="0.001"/>
  <system-out/>
  <testcase classname="com.Demo.DemoSitePurchaseReturnTest" name="GetData" time="0.002"/>
  <system-out/>
  <testcase classname="com.Demo.DemoSitePurchaseReturnTest" name="GetData" time="0.002"/>
  <system-out/>
  <testcase classname="com.Demo.DemoSitePurchaseReturnTest" name="SystemSettingsPage" time="114.336"/>
  <system-out/>
  <testcase classname="com.Demo.DemoSitePurchaseReturnTest" name="ProductPage" time="784.235"/>
  <system-out/>
  <testcase classname="com.Demo.DemoSitePurchaseReturnTest" name="VendorPage" time="22.484"/>
  <system-out/>
  <testcase classname="com.Demo.DemoSitePurchaseReturnTest" name="UomPage" time="27.432"/>
  <system-out/>
  <testcase classname="com.Demo.DemoSitePurchaseReturnTest" name="PurchaseReturn" time="430.568"/>
  <system-out/>
  <testcase classname="com.Demo.DemoSitePurchaseReturnTest" name="StockCalculation" time="0.002"/>
  <system-out/>
  <testcase classname="com.Demo.DemoSitePurchaseReturnTest" name="ExpectedProduct" time="255.740"/>
  <system-out/>
  <testcase classname="com.Demo.DemoSitePurchaseReturnTest" name="ProductMovementPage" time="155.881"/>
  <system-out/>
  <testcase classname="com.Demo.DemoSitePurchaseReturnTest" name="Exception" time="0.001"/>
  <system-out/>
  <testcase classname="com.Demo.DemoSitePurchaseReturnTest" name="quit">
    <skipped/>
  </testcase> <!-- quit -->
  <system-out/>
</testsuite> <!-- com.Demo.DemoSitePurchaseReturnTest -->
