<?xml version="1.0" encoding="UTF-8"?>
<!-- Generated by org.testng.reporters.JUnitReportReporter -->
<testsuite hostname="DESKTOP-7QA4B29" failures="1" tests="16" name="com.Sales.DirectDeliveryOrder" time="1036.330" errors="0" timestamp="2026-02-19T15:12:13 IST" skipped="1">
  <testcase classname="com.Sales.DirectDeliveryOrder" name="ERPLoginPage" time="23.582"/>
  <system-out/>
  <testcase classname="com.Sales.DirectDeliveryOrder" name="GetData" time="0.002"/>
  <system-out/>
  <testcase classname="com.Sales.DirectDeliveryOrder" name="GetData" time="0.003"/>
  <system-out/>
  <testcase classname="com.Sales.DirectDeliveryOrder" name="GetData" time="0.003"/>
  <system-out/>
  <testcase classname="com.Sales.DirectDeliveryOrder" name="GetData" time="0.002"/>
  <system-out/>
  <testcase classname="com.Sales.DirectDeliveryOrder" name="GetData" time="0.001"/>
  <system-out/>
  <testcase classname="com.Sales.DirectDeliveryOrder" name="GetData" time="0.002"/>
  <system-out/>
  <testcase classname="com.Sales.DirectDeliveryOrder" name="SystemSettings" time="125.673"/>
  <system-out/>
  <testcase classname="com.Sales.DirectDeliveryOrder" name="ProductPage" time="197.760"/>
  <system-out/>
  <testcase classname="com.Sales.DirectDeliveryOrder" name="UomPage" time="33.859"/>
  <system-out/>
  <testcase classname="com.Sales.DirectDeliveryOrder" name="DeliveryOrder" time="507.501"/>
  <system-out/>
  <testcase classname="com.Sales.DirectDeliveryOrder" name="StockCalculation" time="0.048"/>
  <system-out/>
  <testcase classname="com.Sales.DirectDeliveryOrder" name="ExpectedProduct" time="98.870"/>
  <system-out/>
  <testcase classname="com.Sales.DirectDeliveryOrder" name="ProductMovementPage" time="48.987"/>
  <system-out/>
  <testcase classname="com.Sales.DirectDeliveryOrder" name="Exception" time="0.037">
    <failure message="The following asserts failed:
	Actual and Expected QOH Mismatched for Product: Real Mango Juice expected [0 B/975 L] but found [97 B/5 L],
	Actual and Expected QOH Mismatched for Product: Pril Dishwash expected [0 B/975 L] but found [97 B/5 L],
	Actual and Expected Product Stock Mismatched for Product Real Mango Juice expected [97 B/4 L] but found [96 B/5 L],
	Actual and Expected Product Stock Mismatched for Product Pril Dishwash expected [97 B/4 L] but found [96 B/5 L],
	Actual and Expected Product Movement Stock Mismatched for Product Real Mango Juice expected [97 B/4 L] but found [96 B/5 L],
	Actual and Expected Product Movement Stock Mismatched for Product Pril Dishwash expected [97 B/4 L] but found [96 B/5 L]" type="java.lang.AssertionError">
      <![CDATA[java.lang.AssertionError: The following asserts failed:
Actual and Expected QOH Mismatched for Product: Real Mango Juice expected [0 B/975 L] but found [97 B/5 L],
Actual and Expected QOH Mismatched for Product: Pril Dishwash expected [0 B/975 L] but found [97 B/5 L],
Actual and Expected Product Stock Mismatched for Product Real Mango Juice expected [97 B/4 L] but found [96 B/5 L],
Actual and Expected Product Stock Mismatched for Product Pril Dishwash expected [97 B/4 L] but found [96 B/5 L],
Actual and Expected Product Movement Stock Mismatched for Product Real Mango Juice expected [97 B/4 L] but found [96 B/5 L],
Actual and Expected Product Movement Stock Mismatched for Product Pril Dishwash expected [97 B/4 L] but found [96 B/5 L]
at org.testng.asserts.SoftAssert.assertAll(SoftAssert.java:46)
at org.testng.asserts.SoftAssert.assertAll(SoftAssert.java:30)
at com.Sales.DirectDeliveryOrder.Exception(DirectDeliveryOrder.java:1251)
at java.base/jdk.internal.reflect.NativeMethodAccessorImpl.invoke0(Native Method)
at java.base/jdk.internal.reflect.NativeMethodAccessorImpl.invoke(NativeMethodAccessorImpl.java:77)
at java.base/jdk.internal.reflect.DelegatingMethodAccessorImpl.invoke(DelegatingMethodAccessorImpl.java:43)
at java.base/java.lang.reflect.Method.invoke(Method.java:568)
at org.testng.internal.invokers.MethodInvocationHelper.invokeMethod(MethodInvocationHelper.java:139)
at org.testng.internal.invokers.TestInvoker.invokeMethod(TestInvoker.java:677)
at org.testng.internal.invokers.TestInvoker.invokeTestMethod(TestInvoker.java:221)
at org.testng.internal.invokers.MethodRunner.runInSequence(MethodRunner.java:50)
at org.testng.internal.invokers.TestInvoker$MethodInvocationAgent.invoke(TestInvoker.java:962)
at org.testng.internal.invokers.TestInvoker.invokeTestMethods(TestInvoker.java:194)
at org.testng.internal.invokers.TestMethodWorker.invokeTestMethods(TestMethodWorker.java:148)
at org.testng.internal.invokers.TestMethodWorker.run(TestMethodWorker.java:128)
at java.base/java.util.concurrent.ThreadPoolExecutor.runWorker(ThreadPoolExecutor.java:1136)
at java.base/java.util.concurrent.ThreadPoolExecutor$Worker.run(ThreadPoolExecutor.java:635)
at java.base/java.lang.Thread.run(Thread.java:842)
]]>
    </failure>
  </testcase> <!-- Exception -->
  <system-out/>
  <testcase classname="com.Sales.DirectDeliveryOrder" name="quit">
    <skipped/>
  </testcase> <!-- quit -->
  <system-out/>
</testsuite> <!-- com.Sales.DirectDeliveryOrder -->
