<?xml version="1.0" encoding="UTF-8"?>
<!-- Generated by org.testng.reporters.JUnitReportReporter -->
<testsuite hostname="DESKTOP-7QA4B29" failures="0" tests="23" name="com.Purchase.PurchaseOrderTest" time="887.785" errors="0" timestamp="2025-10-08T11:13:42 IST" skipped="1">
  <testcase classname="com.Purchase.PurchaseOrderTest" name="ERPLoginPage" time="9.915"/>
  <system-out/>
  <testcase classname="com.Purchase.PurchaseOrderTest" name="GetData" time="0.003"/>
  <system-out/>
  <testcase classname="com.Purchase.PurchaseOrderTest" name="GetData" time="0.009"/>
  <system-out/>
  <testcase classname="com.Purchase.PurchaseOrderTest" name="GetData" time="0.003"/>
  <system-out/>
  <testcase classname="com.Purchase.PurchaseOrderTest" name="GetData" time="0.004"/>
  <system-out/>
  <testcase classname="com.Purchase.PurchaseOrderTest" name="GetData" time="0.002"/>
  <system-out/>
  <testcase classname="com.Purchase.PurchaseOrderTest" name="GetData" time="0.020"/>
  <system-out/>
  <testcase classname="com.Purchase.PurchaseOrderTest" name="GetData" time="0.002"/>
  <system-out/>
  <testcase classname="com.Purchase.PurchaseOrderTest" name="GetData" time="0.003"/>
  <system-out/>
  <testcase classname="com.Purchase.PurchaseOrderTest" name="GetData" time="0.002"/>
  <system-out/>
  <testcase classname="com.Purchase.PurchaseOrderTest" name="GetData" time="0.004"/>
  <system-out/>
  <testcase classname="com.Purchase.PurchaseOrderTest" name="ProductUomData" time="0.003"/>
  <system-out/>
  <testcase classname="com.Purchase.PurchaseOrderTest" name="SystemSettingsPage" time="118.534"/>
  <system-out/>
  <testcase classname="com.Purchase.PurchaseOrderTest" name="ProductPage" time="354.916"/>
  <system-out/>
  <testcase classname="com.Purchase.PurchaseOrderTest" name="VendorPage" time="21.430"/>
  <system-out/>
  <testcase classname="com.Purchase.PurchaseOrderTest" name="UomPage" time="25.589"/>
  <system-out/>
  <testcase classname="com.Purchase.PurchaseOrderTest" name="PurchaseOrderToInvoice" time="153.538"/>
  <system-out/>
  <testcase classname="com.Purchase.PurchaseOrderTest" name="QtyCalculation" time="0.011"/>
  <system-out/>
  <testcase classname="com.Purchase.PurchaseOrderTest" name="QtyCalculation1" time="0.007"/>
  <system-out/>
  <testcase classname="com.Purchase.PurchaseOrderTest" name="ExpectedProduct" time="133.388"/>
  <system-out/>
  <testcase classname="com.Purchase.PurchaseOrderTest" name="ProductMovementPage" time="70.401"/>
  <system-out/>
  <testcase classname="com.Purchase.PurchaseOrderTest" name="Exception" time="0.001"/>
  <system-out/>
  <testcase classname="com.Purchase.PurchaseOrderTest" name="quit">
    <skipped/>
  </testcase> <!-- quit -->
  <system-out/>
</testsuite> <!-- com.Purchase.PurchaseOrderTest -->
