<?xml version="1.0" encoding="UTF-8"?>
<!-- Generated by org.testng.reporters.JUnitReportReporter -->
<testsuite hostname="DESKTOP-7QA4B29" failures="0" tests="56" name="com.InventoryandServices.StockAdjustmentV2Void" time="2406.291" errors="3" timestamp="2026-01-06T10:13:40 IST" skipped="0">
  <testcase classname="com.InventoryandServices.StockAdjustmentV2Void" name="ERPLoginPage" time="12.888"/>
  <system-out/>
  <testcase classname="com.InventoryandServices.StockAdjustmentV2Void" name="GetData" time="0.001"/>
  <system-out/>
  <testcase classname="com.InventoryandServices.StockAdjustmentV2Void" name="GetData" time="0.002"/>
  <system-out/>
  <testcase classname="com.InventoryandServices.StockAdjustmentV2Void" name="GetData" time="0.009"/>
  <system-out/>
  <testcase classname="com.InventoryandServices.StockAdjustmentV2Void" name="GetData" time="0.001"/>
  <system-out/>
  <testcase classname="com.InventoryandServices.StockAdjustmentV2Void" name="GetData" time="0.002"/>
  <system-out/>
  <testcase classname="com.InventoryandServices.StockAdjustmentV2Void" name="GetData" time="0.001"/>
  <system-out/>
  <testcase classname="com.InventoryandServices.StockAdjustmentV2Void" name="GetData" time="0.003"/>
  <system-out/>
  <testcase classname="com.InventoryandServices.StockAdjustmentV2Void" name="GetData" time="0.004"/>
  <system-out/>
  <testcase classname="com.InventoryandServices.StockAdjustmentV2Void" name="GetData" time="0.004"/>
  <system-out/>
  <testcase classname="com.InventoryandServices.StockAdjustmentV2Void" name="GetData" time="0.006"/>
  <system-out/>
  <testcase classname="com.InventoryandServices.StockAdjustmentV2Void" name="GetData" time="0.002"/>
  <system-out/>
  <testcase classname="com.InventoryandServices.StockAdjustmentV2Void" name="GetData" time="0.001"/>
  <system-out/>
  <testcase classname="com.InventoryandServices.StockAdjustmentV2Void" name="GetData" time="0.005"/>
  <system-out/>
  <testcase classname="com.InventoryandServices.StockAdjustmentV2Void" name="GetData" time="0.003"/>
  <system-out/>
  <testcase classname="com.InventoryandServices.StockAdjustmentV2Void" name="GetData" time="0.001"/>
  <system-out/>
  <testcase classname="com.InventoryandServices.StockAdjustmentV2Void" name="GetData" time="0.003"/>
  <system-out/>
  <testcase classname="com.InventoryandServices.StockAdjustmentV2Void" name="GetData" time="0.002"/>
  <system-out/>
  <testcase classname="com.InventoryandServices.StockAdjustmentV2Void" name="GetData" time="0.000"/>
  <system-out/>
  <testcase classname="com.InventoryandServices.StockAdjustmentV2Void" name="GetData" time="0.002"/>
  <system-out/>
  <testcase classname="com.InventoryandServices.StockAdjustmentV2Void" name="GetData" time="0.002"/>
  <system-out/>
  <testcase classname="com.InventoryandServices.StockAdjustmentV2Void" name="GetData" time="0.005"/>
  <system-out/>
  <testcase classname="com.InventoryandServices.StockAdjustmentV2Void" name="GetData" time="0.001"/>
  <system-out/>
  <testcase classname="com.InventoryandServices.StockAdjustmentV2Void" name="GetData" time="0.006"/>
  <system-out/>
  <testcase classname="com.InventoryandServices.StockAdjustmentV2Void" name="GetData" time="0.006"/>
  <system-out/>
  <testcase classname="com.InventoryandServices.StockAdjustmentV2Void" name="GetData" time="0.004"/>
  <system-out/>
  <testcase classname="com.InventoryandServices.StockAdjustmentV2Void" name="GetData" time="0.006"/>
  <system-out/>
  <testcase classname="com.InventoryandServices.StockAdjustmentV2Void" name="GetData" time="0.002"/>
  <system-out/>
  <testcase classname="com.InventoryandServices.StockAdjustmentV2Void" name="GetData" time="0.001"/>
  <system-out/>
  <testcase classname="com.InventoryandServices.StockAdjustmentV2Void" name="GetData" time="0.001"/>
  <system-out/>
  <testcase classname="com.InventoryandServices.StockAdjustmentV2Void" name="GetData" time="0.001"/>
  <system-out/>
  <testcase classname="com.InventoryandServices.StockAdjustmentV2Void" name="GetData" time="0.003"/>
  <system-out/>
  <testcase classname="com.InventoryandServices.StockAdjustmentV2Void" name="GetData" time="0.003"/>
  <system-out/>
  <testcase classname="com.InventoryandServices.StockAdjustmentV2Void" name="GetData" time="0.001"/>
  <system-out/>
  <testcase classname="com.InventoryandServices.StockAdjustmentV2Void" name="GetData" time="0.003"/>
  <system-out/>
  <testcase classname="com.InventoryandServices.StockAdjustmentV2Void" name="GetData" time="0.005"/>
  <system-out/>
  <testcase classname="com.InventoryandServices.StockAdjustmentV2Void" name="GetData" time="0.001"/>
  <system-out/>
  <testcase classname="com.InventoryandServices.StockAdjustmentV2Void" name="GetData" time="0.004"/>
  <system-out/>
  <testcase classname="com.InventoryandServices.StockAdjustmentV2Void" name="GetData" time="0.001"/>
  <system-out/>
  <testcase classname="com.InventoryandServices.StockAdjustmentV2Void" name="GetData" time="0.001"/>
  <system-out/>
  <testcase classname="com.InventoryandServices.StockAdjustmentV2Void" name="GetData" time="0.001"/>
  <system-out/>
  <testcase classname="com.InventoryandServices.StockAdjustmentV2Void" name="GetData" time="0.002"/>
  <system-out/>
  <testcase classname="com.InventoryandServices.StockAdjustmentV2Void" name="GetData" time="0.002"/>
  <system-out/>
  <testcase classname="com.InventoryandServices.StockAdjustmentV2Void" name="GetData" time="0.002"/>
  <system-out/>
  <testcase classname="com.InventoryandServices.StockAdjustmentV2Void" name="GetData" time="0.001"/>
  <system-out/>
  <testcase classname="com.InventoryandServices.StockAdjustmentV2Void" name="GetData" time="0.001"/>
  <system-out/>
  <testcase classname="com.InventoryandServices.StockAdjustmentV2Void" name="GetData" time="0.001"/>
  <system-out/>
  <testcase classname="com.InventoryandServices.StockAdjustmentV2Void" name="GetData" time="0.006"/>
  <system-out/>
  <testcase classname="com.InventoryandServices.StockAdjustmentV2Void" name="GetData" time="0.002"/>
  <system-out/>
  <testcase classname="com.InventoryandServices.StockAdjustmentV2Void" name="ProductPage" time="1663.087"/>
  <system-out/>
  <testcase classname="com.InventoryandServices.StockAdjustmentV2Void" name="UomPage" time="33.438"/>
  <system-out/>
  <testcase classname="com.InventoryandServices.StockAdjustmentV2Void" name="StockAdjustment" time="109.319">
    <error message="no such element: Unable to locate element: {&quot;method&quot;:&quot;xpath&quot;,&quot;selector&quot;:&quot;(//label[text()=&#039;Twix&#039;]//preceding::span[@class=&#039;tooltipclose&#039;])[18]&quot;}
  (Session info: chrome=143.0.7499.170)
For documentation on this error, please visit: https://www.seleniumhq.org/exceptions/no_such_element.html
Build info: version: &#039;3.141.59&#039;, revision: &#039;e82be7d358&#039;, time: &#039;2018-11-14T08:17:03&#039;
System info: host: &#039;DESKTOP-7QA4B29&#039;, ip: &#039;192.168.1.35&#039;, os.name: &#039;Windows 10&#039;, os.arch: &#039;amd64&#039;, os.version: &#039;10.0&#039;, java.version: &#039;17.0.2&#039;
Driver info: org.openqa.selenium.chrome.ChromeDriver
Capabilities {acceptInsecureCerts: false, browserName: chrome, browserVersion: 143.0.7499.170, chrome: {chromedriverVersion: 143.0.7499.169 (164b20aab62..., userDataDir: C:\Users\Hp\AppData\Local\T...}, fedcm:accounts: true, goog:chromeOptions: {debuggerAddress: localhost:54173}, goog:processID: 11040, javascriptEnabled: true, networkConnectionEnabled: false, pageLoadStrategy: normal, platform: WINDOWS, platformName: WINDOWS, proxy: Proxy(), setWindowRect: true, strictFileInteractability: false, timeouts: {implicit: 0, pageLoad: 300000, script: 30000}, unhandledPromptBehavior: dismiss and notify, webauthn:extension:credBlob: true, webauthn:extension:largeBlob: true, webauthn:extension:minPinLength: true, webauthn:extension:prf: true, webauthn:virtualAuthenticators: true}
Session ID: d255367c6fafae917af07c59fccb47c1
*** Element info: {Using=xpath, value=(//label[text()=&#039;Twix&#039;]//preceding::span[@class=&#039;tooltipclose&#039;])[18]}" type="org.openqa.selenium.NoSuchElementException">
      <![CDATA[org.openqa.selenium.NoSuchElementException: no such element: Unable to locate element: {"method":"xpath","selector":"(//label[text()='Twix']//preceding::span[@class='tooltipclose'])[18]"}
  (Session info: chrome=143.0.7499.170)
For documentation on this error, please visit: https://www.seleniumhq.org/exceptions/no_such_element.html
Build info: version: '3.141.59', revision: 'e82be7d358', time: '2018-11-14T08:17:03'
System info: host: 'DESKTOP-7QA4B29', ip: '192.168.1.35', os.name: 'Windows 10', os.arch: 'amd64', os.version: '10.0', java.version: '17.0.2'
Driver info: org.openqa.selenium.chrome.ChromeDriver
Capabilities {acceptInsecureCerts: false, browserName: chrome, browserVersion: 143.0.7499.170, chrome: {chromedriverVersion: 143.0.7499.169 (164b20aab62..., userDataDir: C:\Users\Hp\AppData\Local\T...}, fedcm:accounts: true, goog:chromeOptions: {debuggerAddress: localhost:54173}, goog:processID: 11040, javascriptEnabled: true, networkConnectionEnabled: false, pageLoadStrategy: normal, platform: WINDOWS, platformName: WINDOWS, proxy: Proxy(), setWindowRect: true, strictFileInteractability: false, timeouts: {implicit: 0, pageLoad: 300000, script: 30000}, unhandledPromptBehavior: dismiss and notify, webauthn:extension:credBlob: true, webauthn:extension:largeBlob: true, webauthn:extension:minPinLength: true, webauthn:extension:prf: true, webauthn:virtualAuthenticators: true}
Session ID: d255367c6fafae917af07c59fccb47c1
*** Element info: {Using=xpath, value=(//label[text()='Twix']//preceding::span[@class='tooltipclose'])[18]}
at java.base/jdk.internal.reflect.NativeConstructorAccessorImpl.newInstance0(Native Method)
at java.base/jdk.internal.reflect.NativeConstructorAccessorImpl.newInstance(NativeConstructorAccessorImpl.java:77)
at java.base/jdk.internal.reflect.DelegatingConstructorAccessorImpl.newInstance(DelegatingConstructorAccessorImpl.java:45)
at java.base/java.lang.reflect.Constructor.newInstanceWithCaller(Constructor.java:499)
at java.base/java.lang.reflect.Constructor.newInstance(Constructor.java:480)
at org.openqa.selenium.remote.http.W3CHttpResponseCodec.createException(W3CHttpResponseCodec.java:187)
at org.openqa.selenium.remote.http.W3CHttpResponseCodec.decode(W3CHttpResponseCodec.java:122)
at org.openqa.selenium.remote.http.W3CHttpResponseCodec.decode(W3CHttpResponseCodec.java:49)
at org.openqa.selenium.remote.HttpCommandExecutor.execute(HttpCommandExecutor.java:158)
at org.openqa.selenium.remote.service.DriverCommandExecutor.execute(DriverCommandExecutor.java:83)
at org.openqa.selenium.remote.RemoteWebDriver.execute(RemoteWebDriver.java:552)
at org.openqa.selenium.remote.RemoteWebDriver.findElement(RemoteWebDriver.java:323)
at org.openqa.selenium.remote.RemoteWebDriver.findElementByXPath(RemoteWebDriver.java:428)
at org.openqa.selenium.By$ByXPath.findElement(By.java:353)
at org.openqa.selenium.remote.RemoteWebDriver.findElement(RemoteWebDriver.java:315)
at com.InventoryandServices.StockAdjustmentV2Void.StockAdjustment(StockAdjustmentV2Void.java:631)
at java.base/jdk.internal.reflect.NativeMethodAccessorImpl.invoke0(Native Method)
at java.base/jdk.internal.reflect.NativeMethodAccessorImpl.invoke(NativeMethodAccessorImpl.java:77)
at java.base/jdk.internal.reflect.DelegatingMethodAccessorImpl.invoke(DelegatingMethodAccessorImpl.java:43)
at java.base/java.lang.reflect.Method.invoke(Method.java:568)
at org.testng.internal.invokers.MethodInvocationHelper.invokeMethod(MethodInvocationHelper.java:139)
at org.testng.internal.invokers.TestInvoker.invokeMethod(TestInvoker.java:677)
at org.testng.internal.invokers.TestInvoker.invokeTestMethod(TestInvoker.java:221)
at org.testng.internal.invokers.MethodRunner.runInSequence(MethodRunner.java:50)
at org.testng.internal.invokers.TestInvoker$MethodInvocationAgent.invoke(TestInvoker.java:962)
at org.testng.internal.invokers.TestInvoker.invokeTestMethods(TestInvoker.java:194)
at org.testng.internal.invokers.TestMethodWorker.invokeTestMethods(TestMethodWorker.java:148)
at org.testng.internal.invokers.TestMethodWorker.run(TestMethodWorker.java:128)
at java.base/java.util.concurrent.ThreadPoolExecutor.runWorker(ThreadPoolExecutor.java:1136)
at java.base/java.util.concurrent.ThreadPoolExecutor$Worker.run(ThreadPoolExecutor.java:635)
at java.base/java.lang.Thread.run(Thread.java:833)
]]>
    </error>
  </testcase> <!-- StockAdjustment -->
  <system-out/>
  <testcase classname="com.InventoryandServices.StockAdjustmentV2Void" name="StockCalculation" time="0.018"/>
  <system-out/>
  <testcase classname="com.InventoryandServices.StockAdjustmentV2Void" name="ExpectedProduct" time="579.707">
    <error message="no such element: Unable to locate element: {&quot;method&quot;:&quot;xpath&quot;,&quot;selector&quot;:&quot;//table[@id=&#039;producttable&#039;]//tbody//tr//td[1][normalize-space()=&#039;P0472&#039;]//following::td[9]//a[@title=&#039;Details&#039;][1]&quot;}
  (Session info: chrome=143.0.7499.170)
For documentation on this error, please visit: https://www.seleniumhq.org/exceptions/no_such_element.html
Build info: version: &#039;3.141.59&#039;, revision: &#039;e82be7d358&#039;, time: &#039;2018-11-14T08:17:03&#039;
System info: host: &#039;DESKTOP-7QA4B29&#039;, ip: &#039;192.168.1.35&#039;, os.name: &#039;Windows 10&#039;, os.arch: &#039;amd64&#039;, os.version: &#039;10.0&#039;, java.version: &#039;17.0.2&#039;
Driver info: org.openqa.selenium.chrome.ChromeDriver
Capabilities {acceptInsecureCerts: false, browserName: chrome, browserVersion: 143.0.7499.170, chrome: {chromedriverVersion: 143.0.7499.169 (164b20aab62..., userDataDir: C:\Users\Hp\AppData\Local\T...}, fedcm:accounts: true, goog:chromeOptions: {debuggerAddress: localhost:54173}, goog:processID: 11040, javascriptEnabled: true, networkConnectionEnabled: false, pageLoadStrategy: normal, platform: WINDOWS, platformName: WINDOWS, proxy: Proxy(), setWindowRect: true, strictFileInteractability: false, timeouts: {implicit: 0, pageLoad: 300000, script: 30000}, unhandledPromptBehavior: dismiss and notify, webauthn:extension:credBlob: true, webauthn:extension:largeBlob: true, webauthn:extension:minPinLength: true, webauthn:extension:prf: true, webauthn:virtualAuthenticators: true}
Session ID: d255367c6fafae917af07c59fccb47c1
*** Element info: {Using=xpath, value=//table[@id=&#039;producttable&#039;]//tbody//tr//td[1][normalize-space()=&#039;P0472&#039;]//following::td[9]//a[@title=&#039;Details&#039;][1]}" type="org.openqa.selenium.NoSuchElementException">
      <![CDATA[org.openqa.selenium.NoSuchElementException: no such element: Unable to locate element: {"method":"xpath","selector":"//table[@id='producttable']//tbody//tr//td[1][normalize-space()='P0472']//following::td[9]//a[@title='Details'][1]"}
  (Session info: chrome=143.0.7499.170)
For documentation on this error, please visit: https://www.seleniumhq.org/exceptions/no_such_element.html
Build info: version: '3.141.59', revision: 'e82be7d358', time: '2018-11-14T08:17:03'
System info: host: 'DESKTOP-7QA4B29', ip: '192.168.1.35', os.name: 'Windows 10', os.arch: 'amd64', os.version: '10.0', java.version: '17.0.2'
Driver info: org.openqa.selenium.chrome.ChromeDriver
Capabilities {acceptInsecureCerts: false, browserName: chrome, browserVersion: 143.0.7499.170, chrome: {chromedriverVersion: 143.0.7499.169 (164b20aab62..., userDataDir: C:\Users\Hp\AppData\Local\T...}, fedcm:accounts: true, goog:chromeOptions: {debuggerAddress: localhost:54173}, goog:processID: 11040, javascriptEnabled: true, networkConnectionEnabled: false, pageLoadStrategy: normal, platform: WINDOWS, platformName: WINDOWS, proxy: Proxy(), setWindowRect: true, strictFileInteractability: false, timeouts: {implicit: 0, pageLoad: 300000, script: 30000}, unhandledPromptBehavior: dismiss and notify, webauthn:extension:credBlob: true, webauthn:extension:largeBlob: true, webauthn:extension:minPinLength: true, webauthn:extension:prf: true, webauthn:virtualAuthenticators: true}
Session ID: d255367c6fafae917af07c59fccb47c1
*** Element info: {Using=xpath, value=//table[@id='producttable']//tbody//tr//td[1][normalize-space()='P0472']//following::td[9]//a[@title='Details'][1]}
at java.base/jdk.internal.reflect.NativeConstructorAccessorImpl.newInstance0(Native Method)
at java.base/jdk.internal.reflect.NativeConstructorAccessorImpl.newInstance(NativeConstructorAccessorImpl.java:77)
at java.base/jdk.internal.reflect.DelegatingConstructorAccessorImpl.newInstance(DelegatingConstructorAccessorImpl.java:45)
at java.base/java.lang.reflect.Constructor.newInstanceWithCaller(Constructor.java:499)
at java.base/java.lang.reflect.Constructor.newInstance(Constructor.java:480)
at org.openqa.selenium.remote.http.W3CHttpResponseCodec.createException(W3CHttpResponseCodec.java:187)
at org.openqa.selenium.remote.http.W3CHttpResponseCodec.decode(W3CHttpResponseCodec.java:122)
at org.openqa.selenium.remote.http.W3CHttpResponseCodec.decode(W3CHttpResponseCodec.java:49)
at org.openqa.selenium.remote.HttpCommandExecutor.execute(HttpCommandExecutor.java:158)
at org.openqa.selenium.remote.service.DriverCommandExecutor.execute(DriverCommandExecutor.java:83)
at org.openqa.selenium.remote.RemoteWebDriver.execute(RemoteWebDriver.java:552)
at org.openqa.selenium.remote.RemoteWebDriver.findElement(RemoteWebDriver.java:323)
at org.openqa.selenium.remote.RemoteWebDriver.findElementByXPath(RemoteWebDriver.java:428)
at org.openqa.selenium.By$ByXPath.findElement(By.java:353)
at org.openqa.selenium.remote.RemoteWebDriver.findElement(RemoteWebDriver.java:315)
at com.InventoryandServices.StockAdjustmentV2Void.ExpectedProduct(StockAdjustmentV2Void.java:898)
at java.base/jdk.internal.reflect.NativeMethodAccessorImpl.invoke0(Native Method)
at java.base/jdk.internal.reflect.NativeMethodAccessorImpl.invoke(NativeMethodAccessorImpl.java:77)
at java.base/jdk.internal.reflect.DelegatingMethodAccessorImpl.invoke(DelegatingMethodAccessorImpl.java:43)
at java.base/java.lang.reflect.Method.invoke(Method.java:568)
at org.testng.internal.invokers.MethodInvocationHelper.invokeMethod(MethodInvocationHelper.java:139)
at org.testng.internal.invokers.TestInvoker.invokeMethod(TestInvoker.java:677)
at org.testng.internal.invokers.TestInvoker.invokeTestMethod(TestInvoker.java:221)
at org.testng.internal.invokers.MethodRunner.runInSequence(MethodRunner.java:50)
at org.testng.internal.invokers.TestInvoker$MethodInvocationAgent.invoke(TestInvoker.java:962)
at org.testng.internal.invokers.TestInvoker.invokeTestMethods(TestInvoker.java:194)
at org.testng.internal.invokers.TestMethodWorker.invokeTestMethods(TestMethodWorker.java:148)
at org.testng.internal.invokers.TestMethodWorker.run(TestMethodWorker.java:128)
at java.base/java.util.concurrent.ThreadPoolExecutor.runWorker(ThreadPoolExecutor.java:1136)
at java.base/java.util.concurrent.ThreadPoolExecutor$Worker.run(ThreadPoolExecutor.java:635)
at java.base/java.lang.Thread.run(Thread.java:833)
]]>
    </error>
  </testcase> <!-- ExpectedProduct -->
  <system-out/>
  <testcase classname="com.InventoryandServices.StockAdjustmentV2Void" name="ProductMovementPage" time="7.705">
    <error message="unknown error: net::ERR_NAME_NOT_RESOLVED
  (Session info: chrome=143.0.7499.170)
Build info: version: &#039;3.141.59&#039;, revision: &#039;e82be7d358&#039;, time: &#039;2018-11-14T08:17:03&#039;
System info: host: &#039;DESKTOP-7QA4B29&#039;, ip: &#039;192.168.1.35&#039;, os.name: &#039;Windows 10&#039;, os.arch: &#039;amd64&#039;, os.version: &#039;10.0&#039;, java.version: &#039;17.0.2&#039;
Driver info: org.openqa.selenium.chrome.ChromeDriver
Capabilities {acceptInsecureCerts: false, browserName: chrome, browserVersion: 143.0.7499.170, chrome: {chromedriverVersion: 143.0.7499.169 (164b20aab62..., userDataDir: C:\Users\Hp\AppData\Local\T...}, fedcm:accounts: true, goog:chromeOptions: {debuggerAddress: localhost:54173}, goog:processID: 11040, javascriptEnabled: true, networkConnectionEnabled: false, pageLoadStrategy: normal, platform: WINDOWS, platformName: WINDOWS, proxy: Proxy(), setWindowRect: true, strictFileInteractability: false, timeouts: {implicit: 0, pageLoad: 300000, script: 30000}, unhandledPromptBehavior: dismiss and notify, webauthn:extension:credBlob: true, webauthn:extension:largeBlob: true, webauthn:extension:minPinLength: true, webauthn:extension:prf: true, webauthn:virtualAuthenticators: true}
Session ID: d255367c6fafae917af07c59fccb47c1" type="org.openqa.selenium.WebDriverException">
      <![CDATA[org.openqa.selenium.WebDriverException: unknown error: net::ERR_NAME_NOT_RESOLVED
  (Session info: chrome=143.0.7499.170)
Build info: version: '3.141.59', revision: 'e82be7d358', time: '2018-11-14T08:17:03'
System info: host: 'DESKTOP-7QA4B29', ip: '192.168.1.35', os.name: 'Windows 10', os.arch: 'amd64', os.version: '10.0', java.version: '17.0.2'
Driver info: org.openqa.selenium.chrome.ChromeDriver
Capabilities {acceptInsecureCerts: false, browserName: chrome, browserVersion: 143.0.7499.170, chrome: {chromedriverVersion: 143.0.7499.169 (164b20aab62..., userDataDir: C:\Users\Hp\AppData\Local\T...}, fedcm:accounts: true, goog:chromeOptions: {debuggerAddress: localhost:54173}, goog:processID: 11040, javascriptEnabled: true, networkConnectionEnabled: false, pageLoadStrategy: normal, platform: WINDOWS, platformName: WINDOWS, proxy: Proxy(), setWindowRect: true, strictFileInteractability: false, timeouts: {implicit: 0, pageLoad: 300000, script: 30000}, unhandledPromptBehavior: dismiss and notify, webauthn:extension:credBlob: true, webauthn:extension:largeBlob: true, webauthn:extension:minPinLength: true, webauthn:extension:prf: true, webauthn:virtualAuthenticators: true}
Session ID: d255367c6fafae917af07c59fccb47c1
at java.base/jdk.internal.reflect.NativeConstructorAccessorImpl.newInstance0(Native Method)
at java.base/jdk.internal.reflect.NativeConstructorAccessorImpl.newInstance(NativeConstructorAccessorImpl.java:77)
at java.base/jdk.internal.reflect.DelegatingConstructorAccessorImpl.newInstance(DelegatingConstructorAccessorImpl.java:45)
at java.base/java.lang.reflect.Constructor.newInstanceWithCaller(Constructor.java:499)
at java.base/java.lang.reflect.Constructor.newInstance(Constructor.java:480)
at org.openqa.selenium.remote.http.W3CHttpResponseCodec.createException(W3CHttpResponseCodec.java:187)
at org.openqa.selenium.remote.http.W3CHttpResponseCodec.decode(W3CHttpResponseCodec.java:122)
at org.openqa.selenium.remote.http.W3CHttpResponseCodec.decode(W3CHttpResponseCodec.java:49)
at org.openqa.selenium.remote.HttpCommandExecutor.execute(HttpCommandExecutor.java:158)
at org.openqa.selenium.remote.service.DriverCommandExecutor.execute(DriverCommandExecutor.java:83)
at org.openqa.selenium.remote.RemoteWebDriver.execute(RemoteWebDriver.java:552)
at org.openqa.selenium.remote.RemoteWebDriver.get(RemoteWebDriver.java:277)
at org.openqa.selenium.remote.RemoteWebDriver$RemoteNavigation.to(RemoteWebDriver.java:857)
at com.InventoryandServices.StockAdjustmentV2Void.ProductMovementPage(StockAdjustmentV2Void.java:937)
at java.base/jdk.internal.reflect.NativeMethodAccessorImpl.invoke0(Native Method)
at java.base/jdk.internal.reflect.NativeMethodAccessorImpl.invoke(NativeMethodAccessorImpl.java:77)
at java.base/jdk.internal.reflect.DelegatingMethodAccessorImpl.invoke(DelegatingMethodAccessorImpl.java:43)
at java.base/java.lang.reflect.Method.invoke(Method.java:568)
at org.testng.internal.invokers.MethodInvocationHelper.invokeMethod(MethodInvocationHelper.java:139)
at org.testng.internal.invokers.TestInvoker.invokeMethod(TestInvoker.java:677)
at org.testng.internal.invokers.TestInvoker.invokeTestMethod(TestInvoker.java:221)
at org.testng.internal.invokers.MethodRunner.runInSequence(MethodRunner.java:50)
at org.testng.internal.invokers.TestInvoker$MethodInvocationAgent.invoke(TestInvoker.java:962)
at org.testng.internal.invokers.TestInvoker.invokeTestMethods(TestInvoker.java:194)
at org.testng.internal.invokers.TestMethodWorker.invokeTestMethods(TestMethodWorker.java:148)
at org.testng.internal.invokers.TestMethodWorker.run(TestMethodWorker.java:128)
at java.base/java.util.concurrent.ThreadPoolExecutor.runWorker(ThreadPoolExecutor.java:1136)
at java.base/java.util.concurrent.ThreadPoolExecutor$Worker.run(ThreadPoolExecutor.java:635)
at java.base/java.lang.Thread.run(Thread.java:833)
]]>
    </error>
  </testcase> <!-- ProductMovementPage -->
  <system-out/>
  <testcase classname="com.InventoryandServices.StockAdjustmentV2Void" name="Exception" time="0.002"/>
  <system-out/>
</testsuite> <!-- com.InventoryandServices.StockAdjustmentV2Void -->
