<?xml version="1.0" encoding="UTF-8"?>
<!-- Generated by org.testng.reporters.JUnitReportReporter -->
<testsuite hostname="DESKTOP-7QA4B29" failures="0" tests="22" name="com.Sales.SalesOrderToSalesInvoiceTest" time="816.635" errors="0" timestamp="2025-09-16T17:32:08 IST" skipped="1">
  <testcase classname="com.Sales.SalesOrderToSalesInvoiceTest" name="ERPLoginPage" time="2.578"/>
  <system-out/>
  <testcase classname="com.Sales.SalesOrderToSalesInvoiceTest" name="GetData" time="0.002"/>
  <system-out/>
  <testcase classname="com.Sales.SalesOrderToSalesInvoiceTest" name="GetData" time="0.002"/>
  <system-out/>
  <testcase classname="com.Sales.SalesOrderToSalesInvoiceTest" name="GetData" time="0.003"/>
  <system-out/>
  <testcase classname="com.Sales.SalesOrderToSalesInvoiceTest" name="GetData" time="0.003"/>
  <system-out/>
  <testcase classname="com.Sales.SalesOrderToSalesInvoiceTest" name="GetData" time="0.001"/>
  <system-out/>
  <testcase classname="com.Sales.SalesOrderToSalesInvoiceTest" name="GetData" time="0.008"/>
  <system-out/>
  <testcase classname="com.Sales.SalesOrderToSalesInvoiceTest" name="GetData" time="0.003"/>
  <system-out/>
  <testcase classname="com.Sales.SalesOrderToSalesInvoiceTest" name="GetData" time="0.001"/>
  <system-out/>
  <testcase classname="com.Sales.SalesOrderToSalesInvoiceTest" name="GetData" time="0.006"/>
  <system-out/>
  <testcase classname="com.Sales.SalesOrderToSalesInvoiceTest" name="GetData" time="0.002"/>
  <system-out/>
  <testcase classname="com.Sales.SalesOrderToSalesInvoiceTest" name="ProductUOMData" time="0.003"/>
  <system-out/>
  <testcase classname="com.Sales.SalesOrderToSalesInvoiceTest" name="SystemSettings" time="121.576"/>
  <system-out/>
  <testcase classname="com.Sales.SalesOrderToSalesInvoiceTest" name="ProductPage" time="342.169"/>
  <system-out/>
  <testcase classname="com.Sales.SalesOrderToSalesInvoiceTest" name="UomPage" time="31.129"/>
  <system-out/>
  <testcase classname="com.Sales.SalesOrderToSalesInvoiceTest" name="SalesToInvoice" time="99.421"/>
  <system-out/>
  <testcase classname="com.Sales.SalesOrderToSalesInvoiceTest" name="QtyCalculation" time="0.014"/>
  <system-out/>
  <testcase classname="com.Sales.SalesOrderToSalesInvoiceTest" name="QtyCalculation1" time="0.005"/>
  <system-out/>
  <testcase classname="com.Sales.SalesOrderToSalesInvoiceTest" name="ExpectedProduct" time="133.324"/>
  <system-out/>
  <testcase classname="com.Sales.SalesOrderToSalesInvoiceTest" name="ProductMovementPage" time="86.384"/>
  <system-out/>
  <testcase classname="com.Sales.SalesOrderToSalesInvoiceTest" name="Exception" time="0.001"/>
  <system-out/>
  <testcase classname="com.Sales.SalesOrderToSalesInvoiceTest" name="ServicePage">
    <skipped/>
  </testcase> <!-- ServicePage -->
  <system-out/>
</testsuite> <!-- com.Sales.SalesOrderToSalesInvoiceTest -->
