<?xml version="1.0" encoding="UTF-8"?>
<!-- Generated by org.testng.reporters.JUnitReportReporter -->
<testsuite hostname="DESKTOP-7QA4B29" failures="1" tests="22" name="com.Sales.SalesOrderToSalesInvoiceTest" time="1010.141" errors="0" timestamp="2025-09-15T09:50:14 IST" skipped="1">
  <testcase classname="com.Sales.SalesOrderToSalesInvoiceTest" name="ERPLoginPage" time="149.177"/>
  <system-out/>
  <testcase classname="com.Sales.SalesOrderToSalesInvoiceTest" name="GetData" time="0.002"/>
  <system-out/>
  <testcase classname="com.Sales.SalesOrderToSalesInvoiceTest" name="GetData" time="0.005"/>
  <system-out/>
  <testcase classname="com.Sales.SalesOrderToSalesInvoiceTest" name="GetData" time="0.006"/>
  <system-out/>
  <testcase classname="com.Sales.SalesOrderToSalesInvoiceTest" name="GetData" time="0.002"/>
  <system-out/>
  <testcase classname="com.Sales.SalesOrderToSalesInvoiceTest" name="GetData" time="0.004"/>
  <system-out/>
  <testcase classname="com.Sales.SalesOrderToSalesInvoiceTest" name="GetData" time="0.009"/>
  <system-out/>
  <testcase classname="com.Sales.SalesOrderToSalesInvoiceTest" name="GetData" time="0.006"/>
  <system-out/>
  <testcase classname="com.Sales.SalesOrderToSalesInvoiceTest" name="GetData" time="0.002"/>
  <system-out/>
  <testcase classname="com.Sales.SalesOrderToSalesInvoiceTest" name="GetData" time="0.002"/>
  <system-out/>
  <testcase classname="com.Sales.SalesOrderToSalesInvoiceTest" name="GetData" time="0.002"/>
  <system-out/>
  <testcase classname="com.Sales.SalesOrderToSalesInvoiceTest" name="ProductUOMData" time="0.003"/>
  <system-out/>
  <testcase classname="com.Sales.SalesOrderToSalesInvoiceTest" name="SystemSettings" time="135.784"/>
  <system-out/>
  <testcase classname="com.Sales.SalesOrderToSalesInvoiceTest" name="ProductPage" time="363.980"/>
  <system-out/>
  <testcase classname="com.Sales.SalesOrderToSalesInvoiceTest" name="UomPage" time="33.302"/>
  <system-out/>
  <testcase classname="com.Sales.SalesOrderToSalesInvoiceTest" name="SalesToInvoice" time="113.156"/>
  <system-out/>
  <testcase classname="com.Sales.SalesOrderToSalesInvoiceTest" name="QtyCalculation" time="0.018"/>
  <system-out/>
  <testcase classname="com.Sales.SalesOrderToSalesInvoiceTest" name="QtyCalculation1" time="0.009"/>
  <system-out/>
  <testcase classname="com.Sales.SalesOrderToSalesInvoiceTest" name="ExpectedProduct" time="133.836"/>
  <system-out/>
  <testcase classname="com.Sales.SalesOrderToSalesInvoiceTest" name="ProductMovementPage" time="80.833"/>
  <system-out/>
  <testcase classname="com.Sales.SalesOrderToSalesInvoiceTest" name="Exception" time="0.003">
    <failure message="The following asserts failed:
	Actual and Expected QOH Mismatched for Product: Herbal Essence Bar expected [499 B/5 L] but found [0 B/4995 L],
	Actual and Expected QOH Mismatched for Product: Ocean Breeze Soap expected [2892] but found [2892],
	Actual and Expected QOH Mismatched for Product: Lavender Calm expected [4950] but found [4950],
	Actual and Expected QOH Mismatched for Product: Citrus Zest Refresh expected [499 B/0 L] but found [0 B/4990 L],
	Actual and Expected QOH Mismatched for Product: Charcoal Detox Bar expected [2450] but found [2450],
	Actual and Expected QOH Mismatched for Product: AloeVeraPureTouch expected [990] but found [990],
	Actual and Expected Product Stock and Movement Stock Mismatched for Product FreshMint Glow expected [489 B/0 L] but found [489 B],
	Actual and Expected Product Stock and Movement Stock Mismatched for Product Rose Petal Silk expected [494 B/0 L] but found [494 B]" type="java.lang.AssertionError">
      <![CDATA[java.lang.AssertionError: The following asserts failed:
Actual and Expected QOH Mismatched for Product: Herbal Essence Bar expected [499 B/5 L] but found [0 B/4995 L],
Actual and Expected QOH Mismatched for Product: Ocean Breeze Soap expected [2892] but found [2892],
Actual and Expected QOH Mismatched for Product: Lavender Calm expected [4950] but found [4950],
Actual and Expected QOH Mismatched for Product: Citrus Zest Refresh expected [499 B/0 L] but found [0 B/4990 L],
Actual and Expected QOH Mismatched for Product: Charcoal Detox Bar expected [2450] but found [2450],
Actual and Expected QOH Mismatched for Product: AloeVeraPureTouch expected [990] but found [990],
Actual and Expected Product Stock and Movement Stock Mismatched for Product FreshMint Glow expected [489 B/0 L] but found [489 B],
Actual and Expected Product Stock and Movement Stock Mismatched for Product Rose Petal Silk expected [494 B/0 L] but found [494 B]
at org.testng.asserts.SoftAssert.assertAll(SoftAssert.java:46)
at org.testng.asserts.SoftAssert.assertAll(SoftAssert.java:30)
at com.Sales.SalesOrderToSalesInvoiceTest.Exception(SalesOrderToSalesInvoiceTest.java:2162)
at java.base/jdk.internal.reflect.NativeMethodAccessorImpl.invoke0(Native Method)
at java.base/jdk.internal.reflect.NativeMethodAccessorImpl.invoke(NativeMethodAccessorImpl.java:77)
at java.base/jdk.internal.reflect.DelegatingMethodAccessorImpl.invoke(DelegatingMethodAccessorImpl.java:43)
at java.base/java.lang.reflect.Method.invoke(Method.java:568)
at org.testng.internal.invokers.MethodInvocationHelper.invokeMethod(MethodInvocationHelper.java:139)
at org.testng.internal.invokers.TestInvoker.invokeMethod(TestInvoker.java:677)
at org.testng.internal.invokers.TestInvoker.invokeTestMethod(TestInvoker.java:221)
at org.testng.internal.invokers.MethodRunner.runInSequence(MethodRunner.java:50)
at org.testng.internal.invokers.TestInvoker$MethodInvocationAgent.invoke(TestInvoker.java:962)
at org.testng.internal.invokers.TestInvoker.invokeTestMethods(TestInvoker.java:194)
at org.testng.internal.invokers.TestMethodWorker.invokeTestMethods(TestMethodWorker.java:148)
at org.testng.internal.invokers.TestMethodWorker.run(TestMethodWorker.java:128)
at java.base/java.util.concurrent.ThreadPoolExecutor.runWorker(ThreadPoolExecutor.java:1136)
at java.base/java.util.concurrent.ThreadPoolExecutor$Worker.run(ThreadPoolExecutor.java:635)
at java.base/java.lang.Thread.run(Thread.java:833)
]]>
    </failure>
  </testcase> <!-- Exception -->
  <system-out/>
  <testcase classname="com.Sales.SalesOrderToSalesInvoiceTest" name="ServicePage">
    <skipped/>
  </testcase> <!-- ServicePage -->
  <system-out/>
</testsuite> <!-- com.Sales.SalesOrderToSalesInvoiceTest -->
