<?xml version="1.0" encoding="UTF-8"?>
<!-- Generated by org.testng.reporters.JUnitReportReporter -->
<testsuite hostname="DESKTOP-7QA4B29" failures="0" tests="5" name="com.Demo.ConvertProcessTest" time="1013.351" errors="0" timestamp="2025-04-10T10:44:02 IST" skipped="0">
  <testcase classname="com.Demo.ConvertProcessTest" name="SalesReturnToCreditNote" time="204.043"/>
  <system-out/>
  <testcase classname="com.Demo.ConvertProcessTest" name="PurchaseOrderToInvoice" time="201.221"/>
  <system-out/>
  <testcase classname="com.Demo.ConvertProcessTest" name="DeliveryOrder" time="201.532"/>
  <system-out/>
  <testcase classname="com.Demo.ConvertProcessTest" name="StockAdjustment" time="201.438"/>
  <system-out/>
  <testcase classname="com.Demo.ConvertProcessTest" name="SalesOrderToInvoice" time="205.117"/>
  <system-out/>
</testsuite> <!-- com.Demo.ConvertProcessTest -->
